This file contains any messages produced by compilers while
running configure, to aid debugging if configure makes a mistake.

It was created by xfce4-session configure 4.4.2, which was
generated by GNU Autoconf 2.61.  Invocation command line was

  $ ./configure --host=i486-linux-gnu --build=i486-linux-gnu --prefix=/usr --mandir=${prefix}/share/man --infodir=${prefix}/share/info --sysconfdir=/etc --libexecdir=/usr/sbin --enable-final --with-shutdown-style=hal

## --------- ##
## Platform. ##
## --------- ##

hostname = build
uname -m = i686
uname -r = 2.6.26-2-686
uname -s = Linux
uname -v = #1 SMP Wed May 12 21:56:10 UTC 2010

/usr/bin/uname -p = unknown
/bin/uname -X     = unknown

/bin/arch              = unknown
/usr/bin/arch -k       = unknown
/usr/convex/getsysinfo = unknown
/usr/bin/hostinfo      = unknown
/bin/machine           = unknown
/usr/bin/oslevel       = unknown
/bin/universe          = unknown

PATH: /usr/local/sbin
PATH: /usr/local/bin
PATH: /usr/sbin
PATH: /usr/bin
PATH: /sbin
PATH: /bin


## ----------- ##
## Core tests. ##
## ----------- ##

configure:2071: checking whether make sets $(MAKE)
configure:2092: result: yes
configure:2148: checking for a BSD-compatible install
configure:2204: result: /usr/bin/install -c
configure:2215: checking whether build environment is sane
configure:2258: result: yes
configure:2286: checking for a thread-safe mkdir -p
configure:2325: result: /bin/mkdir -p
configure:2338: checking for gawk
configure:2368: result: no
configure:2338: checking for mawk
configure:2354: found /usr/bin/mawk
configure:2365: result: mawk
configure:2557: checking whether to enable maintainer-specific portions of Makefiles
configure:2566: result: no
configure:2592: checking for style of include used by make
configure:2620: result: GNU
configure:2650: checking for i486-linux-gnu-gcc
configure:2666: found /usr/bin/i486-linux-gnu-gcc
configure:2677: result: i486-linux-gnu-gcc
configure:2955: checking for C compiler version
configure:2962: i486-linux-gnu-gcc --version >&5
i486-linux-gnu-gcc (Debian 4.3.2-1.1) 4.3.2
Copyright (C) 2008 Free Software Foundation, Inc.
This is free software; see the source for copying conditions.  There is NO
warranty; not even for MERCHANTABILITY or FITNESS FOR A PARTICULAR PURPOSE.

configure:2965: $? = 0
configure:2972: i486-linux-gnu-gcc -v >&5
Using built-in specs.
Target: i486-linux-gnu
Configured with: ../src/configure -v --with-pkgversion='Debian 4.3.2-1.1' --with-bugurl=file:///usr/share/doc/gcc-4.3/README.Bugs --enable-languages=c,c++,fortran,objc,obj-c++ --prefix=/usr --enable-shared --with-system-zlib --libexecdir=/usr/lib --without-included-gettext --enable-threads=posix --enable-nls --with-gxx-include-dir=/usr/include/c++/4.3 --program-suffix=-4.3 --enable-clocale=gnu --enable-libstdcxx-debug --enable-objc-gc --enable-mpfr --enable-targets=all --enable-cld --enable-checking=release --build=i486-linux-gnu --host=i486-linux-gnu --target=i486-linux-gnu
Thread model: posix
gcc version 4.3.2 (Debian 4.3.2-1.1) 
configure:2975: $? = 0
configure:2982: i486-linux-gnu-gcc -V >&5
i486-linux-gnu-gcc: '-V' option must have argument
configure:2985: $? = 1
configure:3008: checking for C compiler default output file name
configure:3035: i486-linux-gnu-gcc -Wall -g -O2   conftest.c  >&5
configure:3038: $? = 0
configure:3076: result: a.out
configure:3093: checking whether the C compiler works
configure:3103: ./a.out
configure:3106: $? = 0
configure:3123: result: yes
configure:3130: checking whether we are cross compiling
configure:3132: result: no
configure:3135: checking for suffix of executables
configure:3142: i486-linux-gnu-gcc -o conftest -Wall -g -O2   conftest.c  >&5
configure:3145: $? = 0
configure:3169: result: 
configure:3175: checking for suffix of object files
configure:3201: i486-linux-gnu-gcc -c -Wall -g -O2  conftest.c >&5
configure:3204: $? = 0
configure:3227: result: o
configure:3231: checking whether we are using the GNU C compiler
configure:3260: i486-linux-gnu-gcc -c -Wall -g -O2  conftest.c >&5
configure:3266: $? = 0
configure:3283: result: yes
configure:3288: checking whether i486-linux-gnu-gcc accepts -g
configure:3318: i486-linux-gnu-gcc -c -g  conftest.c >&5
configure:3324: $? = 0
configure:3423: result: yes
configure:3440: checking for i486-linux-gnu-gcc option to accept ISO C89
configure:3514: i486-linux-gnu-gcc  -c -Wall -g -O2  conftest.c >&5
configure:3520: $? = 0
configure:3543: result: none needed
configure:3563: checking dependency style of i486-linux-gnu-gcc
configure:3654: result: gcc3
configure:3675: checking how to run the C preprocessor
configure:3715: i486-linux-gnu-gcc -E  conftest.c
configure:3721: $? = 0
configure:3752: i486-linux-gnu-gcc -E  conftest.c
conftest.c:10:28: error: ac_nonexistent.h: No such file or directory
configure:3758: $? = 1
configure: failed program was:
| /* confdefs.h.  */
| #define PACKAGE_NAME "xfce4-session"
| #define PACKAGE_TARNAME "xfce4-session"
| #define PACKAGE_VERSION "4.4.2"
| #define PACKAGE_STRING "xfce4-session 4.4.2"
| #define PACKAGE_BUGREPORT "xfce4-dev@xfce.org"
| #define PACKAGE "xfce4-session"
| #define VERSION "4.4.2"
| /* end confdefs.h.  */
| #include <ac_nonexistent.h>
configure:3791: result: i486-linux-gnu-gcc -E
configure:3820: i486-linux-gnu-gcc -E  conftest.c
configure:3826: $? = 0
configure:3857: i486-linux-gnu-gcc -E  conftest.c
conftest.c:10:28: error: ac_nonexistent.h: No such file or directory
configure:3863: $? = 1
configure: failed program was:
| /* confdefs.h.  */
| #define PACKAGE_NAME "xfce4-session"
| #define PACKAGE_TARNAME "xfce4-session"
| #define PACKAGE_VERSION "4.4.2"
| #define PACKAGE_STRING "xfce4-session 4.4.2"
| #define PACKAGE_BUGREPORT "xfce4-dev@xfce.org"
| #define PACKAGE "xfce4-session"
| #define VERSION "4.4.2"
| /* end confdefs.h.  */
| #include <ac_nonexistent.h>
configure:3901: checking for grep that handles long lines and -e
configure:3975: result: /bin/grep
configure:3980: checking for egrep
configure:4058: result: /bin/grep -E
configure:4064: checking for AIX
configure:4086: result: no
configure:4092: checking for library containing strerror
configure:4133: i486-linux-gnu-gcc -o conftest -Wall -g -O2   conftest.c  >&5
configure:4139: $? = 0
configure:4167: result: none required
configure:4175: checking for ANSI C header files
configure:4205: i486-linux-gnu-gcc -c -Wall -g -O2  conftest.c >&5
configure:4211: $? = 0
configure:4310: i486-linux-gnu-gcc -o conftest -Wall -g -O2   conftest.c  >&5
configure:4313: $? = 0
configure:4319: ./conftest
configure:4322: $? = 0
configure:4339: result: yes
configure:4363: checking for sys/types.h
configure:4384: i486-linux-gnu-gcc -c -Wall -g -O2  conftest.c >&5
configure:4390: $? = 0
configure:4406: result: yes
configure:4363: checking for sys/stat.h
configure:4384: i486-linux-gnu-gcc -c -Wall -g -O2  conftest.c >&5
configure:4390: $? = 0
configure:4406: result: yes
configure:4363: checking for stdlib.h
configure:4384: i486-linux-gnu-gcc -c -Wall -g -O2  conftest.c >&5
configure:4390: $? = 0
configure:4406: result: yes
configure:4363: checking for string.h
configure:4384: i486-linux-gnu-gcc -c -Wall -g -O2  conftest.c >&5
configure:4390: $? = 0
configure:4406: result: yes
configure:4363: checking for memory.h
configure:4384: i486-linux-gnu-gcc -c -Wall -g -O2  conftest.c >&5
configure:4390: $? = 0
configure:4406: result: yes
configure:4363: checking for strings.h
configure:4384: i486-linux-gnu-gcc -c -Wall -g -O2  conftest.c >&5
configure:4390: $? = 0
configure:4406: result: yes
configure:4363: checking for inttypes.h
configure:4384: i486-linux-gnu-gcc -c -Wall -g -O2  conftest.c >&5
configure:4390: $? = 0
configure:4406: result: yes
configure:4363: checking for stdint.h
configure:4384: i486-linux-gnu-gcc -c -Wall -g -O2  conftest.c >&5
configure:4390: $? = 0
configure:4406: result: yes
configure:4363: checking for unistd.h
configure:4384: i486-linux-gnu-gcc -c -Wall -g -O2  conftest.c >&5
configure:4390: $? = 0
configure:4406: result: yes
configure:4428: checking minix/config.h usability
configure:4445: i486-linux-gnu-gcc -c -Wall -g -O2  conftest.c >&5
conftest.c:53:26: error: minix/config.h: No such file or directory
configure:4451: $? = 1
configure: failed program was:
| /* confdefs.h.  */
| #define PACKAGE_NAME "xfce4-session"
| #define PACKAGE_TARNAME "xfce4-session"
| #define PACKAGE_VERSION "4.4.2"
| #define PACKAGE_STRING "xfce4-session 4.4.2"
| #define PACKAGE_BUGREPORT "xfce4-dev@xfce.org"
| #define PACKAGE "xfce4-session"
| #define VERSION "4.4.2"
| #define STDC_HEADERS 1
| #define HAVE_SYS_TYPES_H 1
| #define HAVE_SYS_STAT_H 1
| #define HAVE_STDLIB_H 1
| #define HAVE_STRING_H 1
| #define HAVE_MEMORY_H 1
| #define HAVE_STRINGS_H 1
| #define HAVE_INTTYPES_H 1
| #define HAVE_STDINT_H 1
| #define HAVE_UNISTD_H 1
| /* end confdefs.h.  */
| #include <stdio.h>
| #ifdef HAVE_SYS_TYPES_H
| # include <sys/types.h>
| #endif
| #ifdef HAVE_SYS_STAT_H
| # include <sys/stat.h>
| #endif
| #ifdef STDC_HEADERS
| # include <stdlib.h>
| # include <stddef.h>
| #else
| # ifdef HAVE_STDLIB_H
| #  include <stdlib.h>
| # endif
| #endif
| #ifdef HAVE_STRING_H
| # if !defined STDC_HEADERS && defined HAVE_MEMORY_H
| #  include <memory.h>
| # endif
| # include <string.h>
| #endif
| #ifdef HAVE_STRINGS_H
| # include <strings.h>
| #endif
| #ifdef HAVE_INTTYPES_H
| # include <inttypes.h>
| #endif
| #ifdef HAVE_STDINT_H
| # include <stdint.h>
| #endif
| #ifdef HAVE_UNISTD_H
| # include <unistd.h>
| #endif
| #include <minix/config.h>
configure:4465: result: no
configure:4469: checking minix/config.h presence
configure:4484: i486-linux-gnu-gcc -E  conftest.c
conftest.c:20:26: error: minix/config.h: No such file or directory
configure:4490: $? = 1
configure: failed program was:
| /* confdefs.h.  */
| #define PACKAGE_NAME "xfce4-session"
| #define PACKAGE_TARNAME "xfce4-session"
| #define PACKAGE_VERSION "4.4.2"
| #define PACKAGE_STRING "xfce4-session 4.4.2"
| #define PACKAGE_BUGREPORT "xfce4-dev@xfce.org"
| #define PACKAGE "xfce4-session"
| #define VERSION "4.4.2"
| #define STDC_HEADERS 1
| #define HAVE_SYS_TYPES_H 1
| #define HAVE_SYS_STAT_H 1
| #define HAVE_STDLIB_H 1
| #define HAVE_STRING_H 1
| #define HAVE_MEMORY_H 1
| #define HAVE_STRINGS_H 1
| #define HAVE_INTTYPES_H 1
| #define HAVE_STDINT_H 1
| #define HAVE_UNISTD_H 1
| /* end confdefs.h.  */
| #include <minix/config.h>
configure:4504: result: no
configure:4537: checking for minix/config.h
configure:4544: result: no
configure:4597: checking for i486-linux-gnu-gcc
configure:4624: result: i486-linux-gnu-gcc
configure:4902: checking for C compiler version
configure:4909: i486-linux-gnu-gcc --version >&5
i486-linux-gnu-gcc (Debian 4.3.2-1.1) 4.3.2
Copyright (C) 2008 Free Software Foundation, Inc.
This is free software; see the source for copying conditions.  There is NO
warranty; not even for MERCHANTABILITY or FITNESS FOR A PARTICULAR PURPOSE.

configure:4912: $? = 0
configure:4919: i486-linux-gnu-gcc -v >&5
Using built-in specs.
Target: i486-linux-gnu
Configured with: ../src/configure -v --with-pkgversion='Debian 4.3.2-1.1' --with-bugurl=file:///usr/share/doc/gcc-4.3/README.Bugs --enable-languages=c,c++,fortran,objc,obj-c++ --prefix=/usr --enable-shared --with-system-zlib --libexecdir=/usr/lib --without-included-gettext --enable-threads=posix --enable-nls --with-gxx-include-dir=/usr/include/c++/4.3 --program-suffix=-4.3 --enable-clocale=gnu --enable-libstdcxx-debug --enable-objc-gc --enable-mpfr --enable-targets=all --enable-cld --enable-checking=release --build=i486-linux-gnu --host=i486-linux-gnu --target=i486-linux-gnu
Thread model: posix
gcc version 4.3.2 (Debian 4.3.2-1.1) 
configure:4922: $? = 0
configure:4929: i486-linux-gnu-gcc -V >&5
i486-linux-gnu-gcc: '-V' option must have argument
configure:4932: $? = 1
configure:4935: checking whether we are using the GNU C compiler
configure:4987: result: yes
configure:4992: checking whether i486-linux-gnu-gcc accepts -g
configure:5127: result: yes
configure:5144: checking for i486-linux-gnu-gcc option to accept ISO C89
configure:5247: result: none needed
configure:5267: checking dependency style of i486-linux-gnu-gcc
configure:5358: result: gcc3
configure:5386: checking for a BSD-compatible install
configure:5442: result: /usr/bin/install -c
configure:5528: checking for perl
configure:5546: found /usr/bin/perl
configure:5558: result: /usr/bin/perl
configure:5577: checking for XML::Parser
configure:5580: result: ok
configure:5591: checking for iconv
configure:5609: found /usr/bin/iconv
configure:5622: result: /usr/bin/iconv
configure:5632: checking for msgfmt
configure:5650: found /usr/bin/msgfmt
configure:5663: result: /usr/bin/msgfmt
configure:5673: checking for msgmerge
configure:5691: found /usr/bin/msgmerge
configure:5704: result: /usr/bin/msgmerge
configure:5714: checking for xgettext
configure:5732: found /usr/bin/xgettext
configure:5745: result: /usr/bin/xgettext
configure:5782: i486-linux-gnu-gcc -o conftest -Wall -g -O2   conftest.c  >&5
configure:5788: $? = 0
configure:5985: checking build system type
configure:6003: result: i486-pc-linux-gnu
configure:6025: checking host system type
configure:6040: result: i486-pc-linux-gnu
configure:6062: checking for a sed that does not truncate output
configure:6118: result: /bin/sed
configure:6132: checking for ld used by i486-linux-gnu-gcc
configure:6199: result: /usr/bin/ld
configure:6208: checking if the linker (/usr/bin/ld) is GNU ld
configure:6223: result: yes
configure:6228: checking for /usr/bin/ld option to reload object files
configure:6235: result: -r
configure:6253: checking for BSD-compatible nm
configure:6302: result: /usr/bin/nm -B
configure:6306: checking whether ln -s works
configure:6310: result: yes
configure:6317: checking how to recognize dependent libraries
configure:6503: result: pass_all
configure:6753: checking dlfcn.h usability
configure:6770: i486-linux-gnu-gcc -c -Wall -g -O2  conftest.c >&5
configure:6776: $? = 0
configure:6790: result: yes
configure:6794: checking dlfcn.h presence
configure:6809: i486-linux-gnu-gcc -E  conftest.c
configure:6815: $? = 0
configure:6829: result: yes
configure:6862: checking for dlfcn.h
configure:6870: result: yes
configure:6897: checking for i486-linux-gnu-g++
configure:6913: found /usr/bin/i486-linux-gnu-g++
configure:6924: result: i486-linux-gnu-g++
configure:6999: checking for C++ compiler version
configure:7006: i486-linux-gnu-g++ --version >&5
i486-linux-gnu-g++ (Debian 4.3.2-1.1) 4.3.2
Copyright (C) 2008 Free Software Foundation, Inc.
This is free software; see the source for copying conditions.  There is NO
warranty; not even for MERCHANTABILITY or FITNESS FOR A PARTICULAR PURPOSE.

configure:7009: $? = 0
configure:7016: i486-linux-gnu-g++ -v >&5
Using built-in specs.
Target: i486-linux-gnu
Configured with: ../src/configure -v --with-pkgversion='Debian 4.3.2-1.1' --with-bugurl=file:///usr/share/doc/gcc-4.3/README.Bugs --enable-languages=c,c++,fortran,objc,obj-c++ --prefix=/usr --enable-shared --with-system-zlib --libexecdir=/usr/lib --without-included-gettext --enable-threads=posix --enable-nls --with-gxx-include-dir=/usr/include/c++/4.3 --program-suffix=-4.3 --enable-clocale=gnu --enable-libstdcxx-debug --enable-objc-gc --enable-mpfr --enable-targets=all --enable-cld --enable-checking=release --build=i486-linux-gnu --host=i486-linux-gnu --target=i486-linux-gnu
Thread model: posix
gcc version 4.3.2 (Debian 4.3.2-1.1) 
configure:7019: $? = 0
configure:7026: i486-linux-gnu-g++ -V >&5
i486-linux-gnu-g++: '-V' option must have argument
configure:7029: $? = 1
configure:7032: checking whether we are using the GNU C++ compiler
configure:7061: i486-linux-gnu-g++ -c -g -O2  conftest.cpp >&5
configure:7067: $? = 0
configure:7084: result: yes
configure:7089: checking whether i486-linux-gnu-g++ accepts -g
configure:7119: i486-linux-gnu-g++ -c -g  conftest.cpp >&5
configure:7125: $? = 0
configure:7224: result: yes
configure:7249: checking dependency style of i486-linux-gnu-g++
configure:7340: result: gcc3
configure:7365: checking how to run the C++ preprocessor
configure:7401: i486-linux-gnu-g++ -E  conftest.cpp
configure:7407: $? = 0
configure:7438: i486-linux-gnu-g++ -E  conftest.cpp
conftest.cpp:21:28: error: ac_nonexistent.h: No such file or directory
configure:7444: $? = 1
configure: failed program was:
| /* confdefs.h.  */
| #define PACKAGE_NAME "xfce4-session"
| #define PACKAGE_TARNAME "xfce4-session"
| #define PACKAGE_VERSION "4.4.2"
| #define PACKAGE_STRING "xfce4-session 4.4.2"
| #define PACKAGE_BUGREPORT "xfce4-dev@xfce.org"
| #define PACKAGE "xfce4-session"
| #define VERSION "4.4.2"
| #define STDC_HEADERS 1
| #define HAVE_SYS_TYPES_H 1
| #define HAVE_SYS_STAT_H 1
| #define HAVE_STDLIB_H 1
| #define HAVE_STRING_H 1
| #define HAVE_MEMORY_H 1
| #define HAVE_STRINGS_H 1
| #define HAVE_INTTYPES_H 1
| #define HAVE_STDINT_H 1
| #define HAVE_UNISTD_H 1
| #define HAVE_DLFCN_H 1
| /* end confdefs.h.  */
| #include <ac_nonexistent.h>
configure:7477: result: i486-linux-gnu-g++ -E
configure:7506: i486-linux-gnu-g++ -E  conftest.cpp
configure:7512: $? = 0
configure:7543: i486-linux-gnu-g++ -E  conftest.cpp
conftest.cpp:21:28: error: ac_nonexistent.h: No such file or directory
configure:7549: $? = 1
configure: failed program was:
| /* confdefs.h.  */
| #define PACKAGE_NAME "xfce4-session"
| #define PACKAGE_TARNAME "xfce4-session"
| #define PACKAGE_VERSION "4.4.2"
| #define PACKAGE_STRING "xfce4-session 4.4.2"
| #define PACKAGE_BUGREPORT "xfce4-dev@xfce.org"
| #define PACKAGE "xfce4-session"
| #define VERSION "4.4.2"
| #define STDC_HEADERS 1
| #define HAVE_SYS_TYPES_H 1
| #define HAVE_SYS_STAT_H 1
| #define HAVE_STDLIB_H 1
| #define HAVE_STRING_H 1
| #define HAVE_MEMORY_H 1
| #define HAVE_STRINGS_H 1
| #define HAVE_INTTYPES_H 1
| #define HAVE_STDINT_H 1
| #define HAVE_UNISTD_H 1
| #define HAVE_DLFCN_H 1
| /* end confdefs.h.  */
| #include <ac_nonexistent.h>
configure:7598: checking for i486-linux-gnu-g77
configure:7628: result: no
configure:7598: checking for i486-linux-gnu-xlf
configure:7628: result: no
configure:7598: checking for i486-linux-gnu-f77
configure:7628: result: no
configure:7598: checking for i486-linux-gnu-frt
configure:7628: result: no
configure:7598: checking for i486-linux-gnu-pgf77
configure:7628: result: no
configure:7598: checking for i486-linux-gnu-cf77
configure:7628: result: no
configure:7598: checking for i486-linux-gnu-fort77
configure:7628: result: no
configure:7598: checking for i486-linux-gnu-fl32
configure:7628: result: no
configure:7598: checking for i486-linux-gnu-af77
configure:7628: result: no
configure:7598: checking for i486-linux-gnu-xlf90
configure:7628: result: no
configure:7598: checking for i486-linux-gnu-f90
configure:7628: result: no
configure:7598: checking for i486-linux-gnu-pgf90
configure:7628: result: no
configure:7598: checking for i486-linux-gnu-pghpf
configure:7628: result: no
configure:7598: checking for i486-linux-gnu-epcf90
configure:7628: result: no
configure:7598: checking for i486-linux-gnu-gfortran
configure:7628: result: no
configure:7598: checking for i486-linux-gnu-g95
configure:7628: result: no
configure:7598: checking for i486-linux-gnu-xlf95
configure:7628: result: no
configure:7598: checking for i486-linux-gnu-f95
configure:7628: result: no
configure:7598: checking for i486-linux-gnu-fort
configure:7628: result: no
configure:7598: checking for i486-linux-gnu-ifort
configure:7628: result: no
configure:7598: checking for i486-linux-gnu-ifc
configure:7628: result: no
configure:7598: checking for i486-linux-gnu-efc
configure:7628: result: no
configure:7598: checking for i486-linux-gnu-pgf95
configure:7628: result: no
configure:7598: checking for i486-linux-gnu-lf95
configure:7628: result: no
configure:7598: checking for i486-linux-gnu-ftn
configure:7628: result: no
configure:7642: checking for g77
configure:7672: result: no
configure:7642: checking for xlf
configure:7672: result: no
configure:7642: checking for f77
configure:7672: result: no
configure:7642: checking for frt
configure:7672: result: no
configure:7642: checking for pgf77
configure:7672: result: no
configure:7642: checking for cf77
configure:7672: result: no
configure:7642: checking for fort77
configure:7672: result: no
configure:7642: checking for fl32
configure:7672: result: no
configure:7642: checking for af77
configure:7672: result: no
configure:7642: checking for xlf90
configure:7672: result: no
configure:7642: checking for f90
configure:7672: result: no
configure:7642: checking for pgf90
configure:7672: result: no
configure:7642: checking for pghpf
configure:7672: result: no
configure:7642: checking for epcf90
configure:7672: result: no
configure:7642: checking for gfortran
configure:7672: result: no
configure:7642: checking for g95
configure:7672: result: no
configure:7642: checking for xlf95
configure:7672: result: no
configure:7642: checking for f95
configure:7672: result: no
configure:7642: checking for fort
configure:7672: result: no
configure:7642: checking for ifort
configure:7672: result: no
configure:7642: checking for ifc
configure:7672: result: no
configure:7642: checking for efc
configure:7672: result: no
configure:7642: checking for pgf95
configure:7672: result: no
configure:7642: checking for lf95
configure:7672: result: no
configure:7642: checking for ftn
configure:7672: result: no
configure:7699: checking for Fortran 77 compiler version
configure:7706:  --version >&5
./configure: line 7707: --version: command not found
configure:7709: $? = 127
configure:7716:  -v >&5
./configure: line 7717: -v: command not found
configure:7719: $? = 127
configure:7726:  -V >&5
./configure: line 7727: -V: command not found
configure:7729: $? = 127
configure:7737: checking whether we are using the GNU Fortran 77 compiler
configure:7756:  -c -g -O2 conftest.F >&5
./configure: line 7757: -c: command not found
configure:7762: $? = 127
configure: failed program was:
|       program main
| #ifndef __GNUC__
|        choke me
| #endif
| 
|       end
configure:7779: result: no
configure:7785: checking whether  accepts -g
configure:7802:  -c -g conftest.f >&5
./configure: line 7803: -c: command not found
configure:7808: $? = 127
configure: failed program was:
|       program main
| 
|       end
configure:7824: result: no
configure:7854: checking the maximum length of command line arguments
configure:7966: result: 98304
configure:7978: checking command to parse /usr/bin/nm -B output from i486-linux-gnu-gcc object
configure:8083: i486-linux-gnu-gcc -c -Wall -g -O2  conftest.c >&5
configure:8086: $? = 0
configure:8090: /usr/bin/nm -B conftest.o \| sed -n -e 's/^.*[ 	]\([ABCDGIRSTW][ABCDGIRSTW]*\)[ 	][ 	]*\([_A-Za-z][_A-Za-z0-9]*\)$/\1 \2 \2/p' \> conftest.nm
configure:8093: $? = 0
configure:8145: i486-linux-gnu-gcc -o conftest -Wall -g -O2   conftest.c conftstm.o >&5
configure:8148: $? = 0
configure:8186: result: ok
configure:8190: checking for objdir
configure:8205: result: .libs
configure:8257: checking for i486-linux-gnu-ar
configure:8287: result: no
configure:8297: checking for ar
configure:8313: found /usr/bin/ar
configure:8324: result: ar
configure:8353: checking for i486-linux-gnu-ranlib
configure:8383: result: no
configure:8393: checking for ranlib
configure:8409: found /usr/bin/ranlib
configure:8420: result: ranlib
configure:8449: checking for i486-linux-gnu-strip
configure:8479: result: no
configure:8489: checking for strip
configure:8505: found /usr/bin/strip
configure:8516: result: strip
configure:8753: checking for correct ltmain.sh version
configure:8803: result: yes
configure:8863: checking if i486-linux-gnu-gcc supports -fno-rtti -fno-exceptions
configure:8881: i486-linux-gnu-gcc -c -Wall -g -O2  -fno-rtti -fno-exceptions conftest.c >&5
cc1: warning: command line option "-fno-rtti" is valid for C++/ObjC++ but not for C
configure:8885: $? = 0
configure:8898: result: no
configure:8913: checking for i486-linux-gnu-gcc option to produce PIC
configure:9145: result: -fPIC
configure:9153: checking if i486-linux-gnu-gcc PIC flag -fPIC works
configure:9171: i486-linux-gnu-gcc -c -Wall -g -O2  -fPIC -DPIC conftest.c >&5
configure:9175: $? = 0
configure:9188: result: yes
configure:9216: checking if i486-linux-gnu-gcc static flag -static works
configure:9244: result: yes
configure:9254: checking if i486-linux-gnu-gcc supports -c -o file.o
configure:9275: i486-linux-gnu-gcc -c -Wall -g -O2  -o out/conftest2.o conftest.c >&5
configure:9279: $? = 0
configure:9301: result: yes
configure:9327: checking whether the i486-linux-gnu-gcc linker (/usr/bin/ld) supports shared libraries
configure:10307: result: yes
configure:10328: checking whether -lc should be explicitly linked in
configure:10333: i486-linux-gnu-gcc -c -Wall -g -O2  conftest.c >&5
configure:10336: $? = 0
configure:10351: i486-linux-gnu-gcc -shared conftest.o  -v -Wl,-soname -Wl,conftest -o conftest 2\>\&1 \| grep  -lc  \>/dev/null 2\>\&1
configure:10354: $? = 0
configure:10366: result: no
configure:10374: checking dynamic linker characteristics
configure:10989: result: GNU/Linux ld.so
configure:10998: checking how to hardcode library paths into programs
configure:11023: result: immediate
configure:11037: checking whether stripping libraries is possible
configure:11042: result: yes
configure:11844: checking if libtool supports shared libraries
configure:11846: result: yes
configure:11849: checking whether to build shared libraries
configure:11870: result: yes
configure:11873: checking whether to build static libraries
configure:11877: result: yes
configure:11970: creating libtool
configure:12558: checking for ld used by i486-linux-gnu-g++
configure:12625: result: /usr/bin/ld
configure:12634: checking if the linker (/usr/bin/ld) is GNU ld
configure:12649: result: yes
configure:12700: checking whether the i486-linux-gnu-g++ linker (/usr/bin/ld) supports shared libraries
configure:13674: result: yes
configure:13692: i486-linux-gnu-g++ -c -g -O2  conftest.cpp >&5
configure:13695: $? = 0
configure:13847: checking for i486-linux-gnu-g++ option to produce PIC
configure:14131: result: -fPIC
configure:14139: checking if i486-linux-gnu-g++ PIC flag -fPIC works
configure:14157: i486-linux-gnu-g++ -c -g -O2  -fPIC -DPIC conftest.cpp >&5
configure:14161: $? = 0
configure:14174: result: yes
configure:14202: checking if i486-linux-gnu-g++ static flag -static works
configure:14230: result: yes
configure:14240: checking if i486-linux-gnu-g++ supports -c -o file.o
configure:14261: i486-linux-gnu-g++ -c -g -O2  -o out/conftest2.o conftest.cpp >&5
configure:14265: $? = 0
configure:14287: result: yes
configure:14313: checking whether the i486-linux-gnu-g++ linker (/usr/bin/ld) supports shared libraries
configure:14338: result: yes
configure:14405: checking dynamic linker characteristics
configure:14968: result: GNU/Linux ld.so
configure:14977: checking how to hardcode library paths into programs
configure:15002: result: immediate
configure:21200: checking for ANSI C header files
configure:21364: result: yes
configure:21404: checking errno.h usability
configure:21421: i486-linux-gnu-gcc -c -Wall -g -O2  conftest.c >&5
configure:21427: $? = 0
configure:21441: result: yes
configure:21445: checking errno.h presence
configure:21460: i486-linux-gnu-gcc -E  conftest.c
configure:21466: $? = 0
configure:21480: result: yes
configure:21513: checking for errno.h
configure:21521: result: yes
configure:21404: checking fcntl.h usability
configure:21421: i486-linux-gnu-gcc -c -Wall -g -O2  conftest.c >&5
configure:21427: $? = 0
configure:21441: result: yes
configure:21445: checking fcntl.h presence
configure:21460: i486-linux-gnu-gcc -E  conftest.c
configure:21466: $? = 0
configure:21480: result: yes
configure:21513: checking for fcntl.h
configure:21521: result: yes
configure:21404: checking limits.h usability
configure:21421: i486-linux-gnu-gcc -c -Wall -g -O2  conftest.c >&5
configure:21427: $? = 0
configure:21441: result: yes
configure:21445: checking limits.h presence
configure:21460: i486-linux-gnu-gcc -E  conftest.c
configure:21466: $? = 0
configure:21480: result: yes
configure:21513: checking for limits.h
configure:21521: result: yes
configure:21404: checking netdb.h usability
configure:21421: i486-linux-gnu-gcc -c -Wall -g -O2  conftest.c >&5
configure:21427: $? = 0
configure:21441: result: yes
configure:21445: checking netdb.h presence
configure:21460: i486-linux-gnu-gcc -E  conftest.c
configure:21466: $? = 0
configure:21480: result: yes
configure:21513: checking for netdb.h
configure:21521: result: yes
configure:21404: checking signal.h usability
configure:21421: i486-linux-gnu-gcc -c -Wall -g -O2  conftest.c >&5
configure:21427: $? = 0
configure:21441: result: yes
configure:21445: checking signal.h presence
configure:21460: i486-linux-gnu-gcc -E  conftest.c
configure:21466: $? = 0
configure:21480: result: yes
configure:21513: checking for signal.h
configure:21521: result: yes
configure:21404: checking stdarg.h usability
configure:21421: i486-linux-gnu-gcc -c -Wall -g -O2  conftest.c >&5
configure:21427: $? = 0
configure:21441: result: yes
configure:21445: checking stdarg.h presence
configure:21460: i486-linux-gnu-gcc -E  conftest.c
configure:21466: $? = 0
configure:21480: result: yes
configure:21513: checking for stdarg.h
configure:21521: result: yes
configure:21404: checking sys/param.h usability
configure:21421: i486-linux-gnu-gcc -c -Wall -g -O2  conftest.c >&5
configure:21427: $? = 0
configure:21441: result: yes
configure:21445: checking sys/param.h presence
configure:21460: i486-linux-gnu-gcc -E  conftest.c
configure:21466: $? = 0
configure:21480: result: yes
configure:21513: checking for sys/param.h
configure:21521: result: yes
configure:21404: checking sys/resource.h usability
configure:21421: i486-linux-gnu-gcc -c -Wall -g -O2  conftest.c >&5
configure:21427: $? = 0
configure:21441: result: yes
configure:21445: checking sys/resource.h presence
configure:21460: i486-linux-gnu-gcc -E  conftest.c
configure:21466: $? = 0
configure:21480: result: yes
configure:21513: checking for sys/resource.h
configure:21521: result: yes
configure:21404: checking sys/socket.h usability
configure:21421: i486-linux-gnu-gcc -c -Wall -g -O2  conftest.c >&5
configure:21427: $? = 0
configure:21441: result: yes
configure:21445: checking sys/socket.h presence
configure:21460: i486-linux-gnu-gcc -E  conftest.c
configure:21466: $? = 0
configure:21480: result: yes
configure:21513: checking for sys/socket.h
configure:21521: result: yes
configure:21404: checking sys/time.h usability
configure:21421: i486-linux-gnu-gcc -c -Wall -g -O2  conftest.c >&5
configure:21427: $? = 0
configure:21441: result: yes
configure:21445: checking sys/time.h presence
configure:21460: i486-linux-gnu-gcc -E  conftest.c
configure:21466: $? = 0
configure:21480: result: yes
configure:21513: checking for sys/time.h
configure:21521: result: yes
configure:21404: checking sys/wait.h usability
configure:21421: i486-linux-gnu-gcc -c -Wall -g -O2  conftest.c >&5
configure:21427: $? = 0
configure:21441: result: yes
configure:21445: checking sys/wait.h presence
configure:21460: i486-linux-gnu-gcc -E  conftest.c
configure:21466: $? = 0
configure:21480: result: yes
configure:21513: checking for sys/wait.h
configure:21521: result: yes
configure:21404: checking sys/utsname.h usability
configure:21421: i486-linux-gnu-gcc -c -Wall -g -O2  conftest.c >&5
configure:21427: $? = 0
configure:21441: result: yes
configure:21445: checking sys/utsname.h presence
configure:21460: i486-linux-gnu-gcc -E  conftest.c
configure:21466: $? = 0
configure:21480: result: yes
configure:21513: checking for sys/utsname.h
configure:21521: result: yes
configure:21404: checking time.h usability
configure:21421: i486-linux-gnu-gcc -c -Wall -g -O2  conftest.c >&5
configure:21427: $? = 0
configure:21441: result: yes
configure:21445: checking time.h presence
configure:21460: i486-linux-gnu-gcc -E  conftest.c
configure:21466: $? = 0
configure:21480: result: yes
configure:21513: checking for time.h
configure:21521: result: yes
configure:21394: checking for unistd.h
configure:21400: result: yes
configure:21545: checking for getaddrinfo
configure:21601: i486-linux-gnu-gcc -o conftest -Wall -g -O2   conftest.c  >&5
configure:21607: $? = 0
configure:21625: result: yes
configure:21545: checking for gethostbyname
configure:21601: i486-linux-gnu-gcc -o conftest -Wall -g -O2   conftest.c  >&5
configure:21607: $? = 0
configure:21625: result: yes
configure:21545: checking for gethostname
configure:21601: i486-linux-gnu-gcc -o conftest -Wall -g -O2   conftest.c  >&5
configure:21607: $? = 0
configure:21625: result: yes
configure:21545: checking for sigaction
configure:21601: i486-linux-gnu-gcc -o conftest -Wall -g -O2   conftest.c  >&5
configure:21607: $? = 0
configure:21625: result: yes
configure:21545: checking for strdup
configure:21601: i486-linux-gnu-gcc -o conftest -Wall -g -O2   conftest.c  >&5
conftest.c:63: warning: conflicting types for built-in function 'strdup'
configure:21607: $? = 0
configure:21625: result: yes
configure:21545: checking for sync
configure:21601: i486-linux-gnu-gcc -o conftest -Wall -g -O2   conftest.c  >&5
configure:21607: $? = 0
configure:21625: result: yes
configure:21545: checking for vfork
configure:21601: i486-linux-gnu-gcc -o conftest -Wall -g -O2   conftest.c  >&5
configure:21607: $? = 0
configure:21625: result: yes
configure:21636: checking for X
configure:21751: i486-linux-gnu-gcc -E  conftest.c
configure:21757: $? = 0
configure:21806: i486-linux-gnu-gcc -o conftest -Wall -g -O2   conftest.c -lX11  >&5
configure:21812: $? = 0
configure:21871: result: libraries , headers 
configure:22032: i486-linux-gnu-gcc -o conftest -Wall -g -O2   conftest.c   -lX11 >&5
configure:22038: $? = 0
configure:22195: checking for gethostbyname
configure:22274: result: yes
configure:22419: checking for connect
configure:22475: i486-linux-gnu-gcc -o conftest -Wall -g -O2   conftest.c  >&5
configure:22481: $? = 0
configure:22498: result: yes
configure:22570: checking for remove
configure:22626: i486-linux-gnu-gcc -o conftest -Wall -g -O2   conftest.c  >&5
configure:22632: $? = 0
configure:22649: result: yes
configure:22721: checking for shmat
configure:22777: i486-linux-gnu-gcc -o conftest -Wall -g -O2   conftest.c  >&5
configure:22783: $? = 0
configure:22800: result: yes
configure:22881: checking for IceConnectionNumber in -lICE
configure:22916: i486-linux-gnu-gcc -o conftest -Wall -g -O2   conftest.c -lICE   >&5
configure:22922: $? = 0
configure:22940: result: yes
configure:22955: checking for main in -lX11
configure:22984: i486-linux-gnu-gcc -o conftest -Wall -g -O2   conftest.c -lX11   -lSM -lICE    >&5
configure:22990: $? = 0
configure:23008: result: yes
configure:23057: checking for SmcSaveYourselfDone in -lSM
configure:23092: i486-linux-gnu-gcc -o conftest -Wall -g -O2   conftest.c -lSM    -lSM -lICE -lX11 -lICE  >&5
configure:23098: $? = 0
configure:23116: result: yes
configure:23146: checking for _IceTransNoListen
configure:23202: i486-linux-gnu-gcc -o conftest -Wall -g -O2   conftest.c    -lSM -lICE -lX11 >&5
configure:23208: $? = 0
configure:23226: result: yes
configure:23264: checking locale.h usability
configure:23281: i486-linux-gnu-gcc -c -Wall -g -O2  conftest.c >&5
configure:23287: $? = 0
configure:23301: result: yes
configure:23305: checking locale.h presence
configure:23320: i486-linux-gnu-gcc -E  conftest.c
configure:23326: $? = 0
configure:23340: result: yes
configure:23373: checking for locale.h
configure:23381: result: yes
configure:23395: checking for LC_MESSAGES
configure:23421: i486-linux-gnu-gcc -o conftest -Wall -g -O2   conftest.c  >&5
configure:23427: $? = 0
configure:23444: result: yes
configure:23473: checking libintl.h usability
configure:23490: i486-linux-gnu-gcc -c -Wall -g -O2  conftest.c >&5
configure:23496: $? = 0
configure:23510: result: yes
configure:23514: checking libintl.h presence
configure:23529: i486-linux-gnu-gcc -E  conftest.c
configure:23535: $? = 0
configure:23549: result: yes
configure:23582: checking for libintl.h
configure:23589: result: yes
configure:23600: checking for ngettext in libc
configure:23628: i486-linux-gnu-gcc -o conftest -Wall -g -O2   conftest.c  >&5
configure:23634: $? = 0
configure:23652: result: yes
configure:23656: checking for dgettext in libc
configure:23684: i486-linux-gnu-gcc -o conftest -Wall -g -O2   conftest.c  >&5
configure:23690: $? = 0
configure:23708: result: yes
configure:23717: checking for bind_textdomain_codeset
configure:23773: i486-linux-gnu-gcc -o conftest -Wall -g -O2   conftest.c  >&5
configure:23779: $? = 0
configure:23797: result: yes
configure:24284: checking for msgfmt
configure:24311: result: /usr/bin/msgfmt
configure:24324: checking for dcgettext
configure:24380: i486-linux-gnu-gcc -o conftest -Wall -g -O2   conftest.c   >&5
conftest.c:74: warning: conflicting types for built-in function 'dcgettext'
configure:24386: $? = 0
configure:24404: result: yes
configure:24415: checking if msgfmt accepts -c
configure:24430: $MSGFMT -c -o /dev/null conftest.foo
configure:24433: $? = 0
configure:24435: result: yes
configure:24445: checking for gmsgfmt
configure:24476: result: /usr/bin/msgfmt
configure:24486: checking for xgettext
configure:24513: result: /usr/bin/xgettext
configure:24542: i486-linux-gnu-gcc -o conftest -Wall -g -O2   conftest.c   >&5
configure:24548: $? = 0
configure:24717: checking for catalogs to be installed
configure:24742: result:  am ar az be bn_IN ca cs de dz el en_GB eo es es_MX et eu fa fi fr gl gu he hi hu it ja ka ko lt lv mk mr ms nl nb_NO pa pl pt_BR pt_PT ro ru sv sk ta tr uk vi zh_CN zh_TW
configure:24775: checking for bind_textdomain_codeset
configure:24854: result: yes
configure:24858: checking for locales directory
configure:24874: result: ${datarootdir}/locale
configure:24878: checking for additional xgettext flags
configure:24886: result: --keyword=Q_ --from-code=UTF-8
configure:24899: checking for pkg-config
configure:24917: found /usr/bin/pkg-config
configure:24930: result: /usr/bin/pkg-config
configure:24952: checking for pkg-config >= 0.9.0
configure:24956: result: 0.22
configure:24973: checking for libxfce4util-1.0 >= 4.4.0
configure:24977: result: 4.4.2
configure:24980: checking LIBXFCE4UTIL_CFLAGS
configure:24983: result: -I/usr/include/xfce4 -I/usr/include/glib-2.0 -I/usr/lib/glib-2.0/include  
configure:24986: checking LIBXFCE4UTIL_LIBS
configure:24989: result: -lxfce4util -lglib-2.0  
configure:25111: checking for libxfce4mcs-client-1.0 >= 4.4.0
configure:25115: result: 4.4.2
configure:25118: checking LIBXFCE4MCS_CLIENT_CFLAGS
configure:25121: result: -I/usr/include/xfce4 -I/usr/include/glib-2.0 -I/usr/lib/glib-2.0/include  
configure:25124: checking LIBXFCE4MCS_CLIENT_LIBS
configure:25127: result: -lxfce4mcs-client -lxfce4util -lglib-2.0  
configure:25249: checking for libxfcegui4-1.0 >= 4.4.0
configure:25253: result: 4.4.2
configure:25256: checking LIBXFCEGUI4_CFLAGS
configure:25259: result: -D_REENTRANT -I/usr/include/xfce4 -I/usr/include/gtk-2.0 -I/usr/lib/gtk-2.0/include -I/usr/include/pango-1.0 -I/usr/include/glib-2.0 -I/usr/lib/glib-2.0/include -I/usr/include/cairo -I/usr/include/freetype2 -I/usr/include/directfb -I/usr/include/libpng12 -I/usr/include/pixman-1 -I/usr/include/atk-1.0  
configure:25262: checking LIBXFCEGUI4_LIBS
configure:25265: result: -lxfcegui4 -lgtk-x11-2.0 -lxfce4util -lgdk-x11-2.0 -latk-1.0 -lgdk_pixbuf-2.0 -lm -lpangocairo-1.0 -lpango-1.0 -lcairo -lgobject-2.0 -lgmodule-2.0 -ldl -lglib-2.0  
configure:25389: checking for xfce-mcs-manager >= 4.4.0
configure:25393: result: 4.4.2
configure:25396: checking XFCE_MCS_MANAGER_CFLAGS
configure:25399: result: -D_REENTRANT -I/usr/include/xfce4 -I/usr/include/gtk-2.0 -I/usr/lib/gtk-2.0/include -I/usr/include/pango-1.0 -I/usr/include/glib-2.0 -I/usr/lib/glib-2.0/include -I/usr/include/cairo -I/usr/include/freetype2 -I/usr/include/directfb -I/usr/include/libpng12 -I/usr/include/pixman-1 -I/usr/include/atk-1.0  
configure:25402: checking XFCE_MCS_MANAGER_LIBS
configure:25405: result: -lxfcegui4 -lxfce4mcs-manager -lxfce4mcs-client -lgtk-x11-2.0 -lgdk-x11-2.0 -latk-1.0 -lgdk_pixbuf-2.0 -lm -lpangocairo-1.0 -lpango-1.0 -lcairo -lgobject-2.0 -lgmodule-2.0 -ldl -lxfce4util -lglib-2.0  
configure:25445: checking where to install MCS plugins
configure:25449: result: ${exec_prefix}/lib/xfce4/mcs-plugins
configure:25549: checking for dbus-1 >= 0.34
configure:25553: result: 1.2.1
configure:25556: checking DBUS_CFLAGS
configure:25559: result: -I/usr/include/dbus-1.0 -I/usr/lib/dbus-1.0/include  
configure:25562: checking DBUS_LIBS
configure:25565: result: -ldbus-1  
configure:25799: checking for optional package gconf-2.0
configure:25801: result: disabled
configure:25824: checking whether to build with debugging support
configure:25860: result: no
configure:25875: checking whether to build with profiling support
configure:25883: result: no
configure:25895: checking whether to compile with coverage profiling instrumentation
configure:25902: result: no
configure:25914: checking whether to disable assertions
configure:25922: result: no
configure:25935: checking whether to build final version
configure:25938: result: yes
configure:25940: checking whether /usr/bin/ld accepts -O1
configure:25945: result: yes
configure:25961: checking for iceauth
configure:25979: found /usr/bin/iceauth
configure:25991: result: /usr/bin/iceauth
configure:26013: checking for rm
configure:26031: found /bin/rm
configure:26043: result: /bin/rm
configure:26066: checking whether to enable X11R5 session management
configure:26077: result: yes
configure:26088: checking whether to create screenshots of sessions on logout
configure:26091: result: no
configure:26265: creating ./config.status

## ---------------------- ##
## Running config.status. ##
## ---------------------- ##

This file was extended by xfce4-session config.status 4.4.2, which was
generated by GNU Autoconf 2.61.  Invocation command line was

  CONFIG_FILES    = 
  CONFIG_HEADERS  = 
  CONFIG_LINKS    = 
  CONFIG_COMMANDS = 
  $ ./config.status 

on build

config.status:798: creating Makefile
config.status:798: creating xfce4-session.spec
config.status:798: creating doc/Makefile
config.status:798: creating doc/C/Makefile
config.status:798: creating doc/C/images/Makefile
config.status:798: creating doc/fr/Makefile
config.status:798: creating doc/fr/images/Makefile
config.status:798: creating engines/Makefile
config.status:798: creating engines/balou/Makefile
config.status:798: creating engines/balou/scripts/Makefile
config.status:798: creating engines/balou/themes/Makefile
config.status:798: creating engines/balou/themes/Default/Makefile
config.status:798: creating engines/mice/Makefile
config.status:798: creating engines/simple/Makefile
config.status:798: creating icons/Makefile
config.status:798: creating icons/48x48/Makefile
config.status:798: creating icons/64x64/Makefile
config.status:798: creating icons/72x72/Makefile
config.status:798: creating icons/128x128/Makefile
config.status:798: creating icons/scalable/Makefile
config.status:798: creating libxfsm/Makefile
config.status:798: creating libxfsm/xfce4-session-1.0.pc
config.status:798: creating po/Makefile.in
config.status:798: creating settings/Makefile
config.status:798: creating settings/session/Makefile
config.status:798: creating settings/splash/Makefile
config.status:798: creating xfce4-session/Makefile
config.status:798: creating xfce4-session-logout/Makefile
config.status:798: creating xfce4-autostart-editor/Makefile
config.status:798: creating xfce4-tips/Makefile
config.status:798: creating xfce4-tips/data/Makefile
config.status:798: creating xfsm-shutdown-helper/Makefile
config.status:798: creating config.h
config.status:1115: executing depfiles commands
config.status:1115: executing intltool commands
config.status:1115: executing default-1 commands
config.status:1115: executing po/stamp-it commands

## ---------------- ##
## Cache variables. ##
## ---------------- ##

ac_cv_build=i486-pc-linux-gnu
ac_cv_c_compiler_gnu=yes
ac_cv_cxx_compiler_gnu=yes
ac_cv_env_CCC_set=
ac_cv_env_CCC_value=
ac_cv_env_CC_set=
ac_cv_env_CC_value=
ac_cv_env_CFLAGS_set=set
ac_cv_env_CFLAGS_value='-Wall -g -O2'
ac_cv_env_CPPFLAGS_set=set
ac_cv_env_CPPFLAGS_value=
ac_cv_env_CPP_set=
ac_cv_env_CPP_value=
ac_cv_env_CXXCPP_set=
ac_cv_env_CXXCPP_value=
ac_cv_env_CXXFLAGS_set=set
ac_cv_env_CXXFLAGS_value='-g -O2'
ac_cv_env_CXX_set=
ac_cv_env_CXX_value=
ac_cv_env_F77_set=
ac_cv_env_F77_value=
ac_cv_env_FFLAGS_set=set
ac_cv_env_FFLAGS_value='-g -O2'
ac_cv_env_LDFLAGS_set=set
ac_cv_env_LDFLAGS_value=
ac_cv_env_LIBS_set=
ac_cv_env_LIBS_value=
ac_cv_env_XMKMF_set=
ac_cv_env_XMKMF_value=
ac_cv_env_build_alias_set=set
ac_cv_env_build_alias_value=i486-linux-gnu
ac_cv_env_host_alias_set=set
ac_cv_env_host_alias_value=i486-linux-gnu
ac_cv_env_target_alias_set=
ac_cv_env_target_alias_value=
ac_cv_f77_compiler_gnu=no
ac_cv_func__IceTransNoListen=yes
ac_cv_func_bind_textdomain_codeset=yes
ac_cv_func_connect=yes
ac_cv_func_dcgettext=yes
ac_cv_func_getaddrinfo=yes
ac_cv_func_gethostbyname=yes
ac_cv_func_gethostname=yes
ac_cv_func_remove=yes
ac_cv_func_shmat=yes
ac_cv_func_sigaction=yes
ac_cv_func_strdup=yes
ac_cv_func_sync=yes
ac_cv_func_vfork=yes
ac_cv_have_x='have_x=yes	ac_x_includes='\'''\''	ac_x_libraries='\'''\'''
ac_cv_header_dlfcn_h=yes
ac_cv_header_errno_h=yes
ac_cv_header_fcntl_h=yes
ac_cv_header_inttypes_h=yes
ac_cv_header_libintl_h=yes
ac_cv_header_limits_h=yes
ac_cv_header_locale_h=yes
ac_cv_header_memory_h=yes
ac_cv_header_minix_config_h=no
ac_cv_header_netdb_h=yes
ac_cv_header_signal_h=yes
ac_cv_header_stdarg_h=yes
ac_cv_header_stdc=yes
ac_cv_header_stdint_h=yes
ac_cv_header_stdlib_h=yes
ac_cv_header_string_h=yes
ac_cv_header_strings_h=yes
ac_cv_header_sys_param_h=yes
ac_cv_header_sys_resource_h=yes
ac_cv_header_sys_socket_h=yes
ac_cv_header_sys_stat_h=yes
ac_cv_header_sys_time_h=yes
ac_cv_header_sys_types_h=yes
ac_cv_header_sys_utsname_h=yes
ac_cv_header_sys_wait_h=yes
ac_cv_header_time_h=yes
ac_cv_header_unistd_h=yes
ac_cv_host=i486-pc-linux-gnu
ac_cv_lib_ICE_IceConnectionNumber=yes
ac_cv_lib_SM_SmcSaveYourselfDone=yes
ac_cv_lib_X11_main=yes
ac_cv_objext=o
ac_cv_path_EGREP='/bin/grep -E'
ac_cv_path_GMSGFMT=/usr/bin/msgfmt
ac_cv_path_GREP=/bin/grep
ac_cv_path_ICEAUTH=/usr/bin/iceauth
ac_cv_path_INTLTOOL_ICONV=/usr/bin/iconv
ac_cv_path_INTLTOOL_MSGFMT=/usr/bin/msgfmt
ac_cv_path_INTLTOOL_MSGMERGE=/usr/bin/msgmerge
ac_cv_path_INTLTOOL_PERL=/usr/bin/perl
ac_cv_path_INTLTOOL_XGETTEXT=/usr/bin/xgettext
ac_cv_path_MSGFMT=/usr/bin/msgfmt
ac_cv_path_PKG_CONFIG=/usr/bin/pkg-config
ac_cv_path_RM=/bin/rm
ac_cv_path_XGETTEXT=/usr/bin/xgettext
ac_cv_path_install='/usr/bin/install -c'
ac_cv_path_mkdir=/bin/mkdir
ac_cv_prog_AWK=mawk
ac_cv_prog_CC=i486-linux-gnu-gcc
ac_cv_prog_CPP='i486-linux-gnu-gcc -E'
ac_cv_prog_CXX=i486-linux-gnu-g++
ac_cv_prog_CXXCPP='i486-linux-gnu-g++ -E'
ac_cv_prog_ac_ct_AR=ar
ac_cv_prog_ac_ct_RANLIB=ranlib
ac_cv_prog_ac_ct_STRIP=strip
ac_cv_prog_cc_c89=
ac_cv_prog_cc_g=yes
ac_cv_prog_cxx_g=yes
ac_cv_prog_f77_g=no
ac_cv_prog_make_make_set=yes
ac_cv_search_strerror='none required'
am_cv_CC_dependencies_compiler_type=gcc3
am_cv_CXX_dependencies_compiler_type=gcc3
am_cv_val_LC_MESSAGES=yes
gt_cv_func_dgettext_libc=yes
gt_cv_func_dgettext_libintl=no
gt_cv_func_ngettext_libc=yes
gt_cv_have_gettext=yes
lt_cv_deplibs_check_method=pass_all
lt_cv_file_magic_cmd='$MAGIC_CMD'
lt_cv_file_magic_test_file=
lt_cv_ld_reload_flag=-r
lt_cv_objdir=.libs
lt_cv_path_LD=/usr/bin/ld
lt_cv_path_LDCXX=/usr/bin/ld
lt_cv_path_NM='/usr/bin/nm -B'
lt_cv_path_SED=/bin/sed
lt_cv_prog_compiler_c_o=yes
lt_cv_prog_compiler_c_o_CXX=yes
lt_cv_prog_compiler_rtti_exceptions=no
lt_cv_prog_gnu_ld=yes
lt_cv_prog_gnu_ldcxx=yes
lt_cv_sys_global_symbol_pipe='sed -n -e '\''s/^.*[ 	]\([ABCDGIRSTW][ABCDGIRSTW]*\)[ 	][ 	]*\([_A-Za-z][_A-Za-z0-9]*\)$/\1 \2 \2/p'\'''
lt_cv_sys_global_symbol_to_c_name_address='sed -n -e '\''s/^: \([^ ]*\) $/  {\"\1\", (lt_ptr) 0},/p'\'' -e '\''s/^[BCDEGRST] \([^ ]*\) \([^ ]*\)$/  {"\2", (lt_ptr) \&\2},/p'\'''
lt_cv_sys_global_symbol_to_cdecl='sed -n -e '\''s/^. .* \(.*\)$/extern int \1;/p'\'''
lt_cv_sys_max_cmd_len=98304
lt_lt_cv_prog_compiler_c_o='"yes"'
lt_lt_cv_prog_compiler_c_o_CXX='"yes"'
lt_lt_cv_sys_global_symbol_pipe='"sed -n -e '\''s/^.*[ 	]\\([ABCDGIRSTW][ABCDGIRSTW]*\\)[ 	][ 	]*\\([_A-Za-z][_A-Za-z0-9]*\\)\$/\\1 \\2 \\2/p'\''"'
lt_lt_cv_sys_global_symbol_to_c_name_address='"sed -n -e '\''s/^: \\([^ ]*\\) \$/  {\\\"\\1\\\", (lt_ptr) 0},/p'\'' -e '\''s/^[BCDEGRST] \\([^ ]*\\) \\([^ ]*\\)\$/  {\"\\2\", (lt_ptr) \\&\\2},/p'\''"'
lt_lt_cv_sys_global_symbol_to_cdecl='"sed -n -e '\''s/^. .* \\(.*\\)\$/extern int \\1;/p'\''"'
xdt_cv_DBUS_check=yes
xdt_cv_GNOME_check=no
xdt_cv_PKG_CONFIG_MIN_VERSION=0.9.0
xdt_cv_PKG_CONFIG_VERSION=0.22

## ----------------- ##
## Output variables. ##
## ----------------- ##

ACLOCAL='${SHELL} /root/SOURCES/xfce4-session-4.4.2/missing --run aclocal-1.10'
ALL_LINGUAS='am ar az be bn_IN ca cs de dz el en_GB eo es es_MX et eu fa fi fr gl gu he hi hu it ja ka ko lt lv mk mr ms nl nb_NO pa pl pt_BR pt_PT ro ru sv sk ta tr uk vi zh_CN zh_TW'
AMDEPBACKSLASH='\'
AMDEP_FALSE='#'
AMDEP_TRUE=''
AMTAR='${SHELL} /root/SOURCES/xfce4-session-4.4.2/missing --run tar'
AR='ar'
AUTOCONF='${SHELL} /root/SOURCES/xfce4-session-4.4.2/missing --run autoconf'
AUTOHEADER='${SHELL} /root/SOURCES/xfce4-session-4.4.2/missing --run autoheader'
AUTOMAKE='${SHELL} /root/SOURCES/xfce4-session-4.4.2/missing --run automake-1.10'
AWK='mawk'
CATALOGS=' am.gmo ar.gmo az.gmo be.gmo bn_IN.gmo ca.gmo cs.gmo de.gmo dz.gmo el.gmo en_GB.gmo eo.gmo es.gmo es_MX.gmo et.gmo eu.gmo fa.gmo fi.gmo fr.gmo gl.gmo gu.gmo he.gmo hi.gmo hu.gmo it.gmo ja.gmo ka.gmo ko.gmo lt.gmo lv.gmo mk.gmo mr.gmo ms.gmo nl.gmo nb_NO.gmo pa.gmo pl.gmo pt_BR.gmo pt_PT.gmo ro.gmo ru.gmo sv.gmo sk.gmo ta.gmo tr.gmo uk.gmo vi.gmo zh_CN.gmo zh_TW.gmo'
CATOBJEXT='.gmo'
CC='i486-linux-gnu-gcc'
CCDEPMODE='depmode=gcc3'
CFLAGS='-Wall -g -O2'
CPP='i486-linux-gnu-gcc -E'
CPPFLAGS=''
CXX='i486-linux-gnu-g++'
CXXCPP='i486-linux-gnu-g++ -E'
CXXDEPMODE='depmode=gcc3'
CXXFLAGS='-g -O2'
CYGPATH_W='echo'
DATADIRNAME='share'
DBUS_CFLAGS='-I/usr/include/dbus-1.0 -I/usr/lib/dbus-1.0/include  '
DBUS_LIBS='-ldbus-1  '
DBUS_REQUIRED_VERSION='0.34'
DBUS_VERSION='1.2.1'
DEFS='-DHAVE_CONFIG_H'
DEPDIR='.deps'
ECHO='echo'
ECHO_C=''
ECHO_N='-n'
ECHO_T=''
EGREP='/bin/grep -E'
EXEEXT=''
F77=''
FFLAGS='-g -O2'
GETTEXT_PACKAGE='xfce4-session'
GMOFILES=' am.gmo ar.gmo az.gmo be.gmo bn_IN.gmo ca.gmo cs.gmo de.gmo dz.gmo el.gmo en_GB.gmo eo.gmo es.gmo es_MX.gmo et.gmo eu.gmo fa.gmo fi.gmo fr.gmo gl.gmo gu.gmo he.gmo hi.gmo hu.gmo it.gmo ja.gmo ka.gmo ko.gmo lt.gmo lv.gmo mk.gmo mr.gmo ms.gmo nl.gmo nb_NO.gmo pa.gmo pl.gmo pt_BR.gmo pt_PT.gmo ro.gmo ru.gmo sv.gmo sk.gmo ta.gmo tr.gmo uk.gmo vi.gmo zh_CN.gmo zh_TW.gmo'
GMSGFMT='/usr/bin/msgfmt'
GNOME_CFLAGS=''
GNOME_LIBS=''
GNOME_REQUIRED_VERSION=''
GNOME_VERSION=''
GREP='/bin/grep'
HAVE_DBUS_FALSE='#'
HAVE_DBUS_TRUE=''
HAVE_GNOME_FALSE=''
HAVE_GNOME_TRUE='#'
HAVE_OS_CYGWIN_FALSE=''
HAVE_OS_CYGWIN_TRUE='#'
ICEAUTH='/usr/bin/iceauth'
INSTALL_DATA='${INSTALL} -m 644'
INSTALL_PROGRAM='${INSTALL}'
INSTALL_SCRIPT='${INSTALL}'
INSTALL_STRIP_PROGRAM='$(install_sh) -c -s'
INSTOBJEXT='.mo'
INTLLIBS=''
INTLTOOL_CAVES_RULE='%.caves:     %.caves.in     $(INTLTOOL_MERGE) $(wildcard $(top_srcdir)/po/*.po) ; LC_ALL=C $(INTLTOOL_MERGE) -d -u -c $(top_builddir)/po/.intltool-merge-cache $(top_srcdir)/po $< $@'
INTLTOOL_DESKTOP_RULE='%.desktop:   %.desktop.in   $(INTLTOOL_MERGE) $(wildcard $(top_srcdir)/po/*.po) ; LC_ALL=C $(INTLTOOL_MERGE) -d -u -c $(top_builddir)/po/.intltool-merge-cache $(top_srcdir)/po $< $@'
INTLTOOL_DIRECTORY_RULE='%.directory: %.directory.in $(INTLTOOL_MERGE) $(wildcard $(top_srcdir)/po/*.po) ; LC_ALL=C $(INTLTOOL_MERGE) -d -u -c $(top_builddir)/po/.intltool-merge-cache $(top_srcdir)/po $< $@'
INTLTOOL_EXTRACT='$(top_builddir)/intltool-extract'
INTLTOOL_ICONV='/usr/bin/iconv'
INTLTOOL_KBD_RULE='%.kbd:       %.kbd.in       $(INTLTOOL_MERGE) $(wildcard $(top_srcdir)/po/*.po) ; LC_ALL=C $(INTLTOOL_MERGE) -x -u -m -c $(top_builddir)/po/.intltool-merge-cache $(top_srcdir)/po $< $@'
INTLTOOL_KEYS_RULE='%.keys:      %.keys.in      $(INTLTOOL_MERGE) $(wildcard $(top_srcdir)/po/*.po) ; LC_ALL=C $(INTLTOOL_MERGE) -k -u -c $(top_builddir)/po/.intltool-merge-cache $(top_srcdir)/po $< $@'
INTLTOOL_MERGE='$(top_builddir)/intltool-merge'
INTLTOOL_MSGFMT='/usr/bin/msgfmt'
INTLTOOL_MSGMERGE='/usr/bin/msgmerge'
INTLTOOL_OAF_RULE='%.oaf:       %.oaf.in       $(INTLTOOL_MERGE) $(wildcard $(top_srcdir)/po/*.po) ; LC_ALL=C $(INTLTOOL_MERGE) -o -p $(top_srcdir)/po $< $@'
INTLTOOL_PERL='/usr/bin/perl'
INTLTOOL_PONG_RULE='%.pong:      %.pong.in      $(INTLTOOL_MERGE) $(wildcard $(top_srcdir)/po/*.po) ; LC_ALL=C $(INTLTOOL_MERGE) -x -u -c $(top_builddir)/po/.intltool-merge-cache $(top_srcdir)/po $< $@'
INTLTOOL_PROP_RULE='%.prop:      %.prop.in      $(INTLTOOL_MERGE) $(wildcard $(top_srcdir)/po/*.po) ; LC_ALL=C $(INTLTOOL_MERGE) -d -u -c $(top_builddir)/po/.intltool-merge-cache $(top_srcdir)/po $< $@'
INTLTOOL_SCHEMAS_RULE='%.schemas:   %.schemas.in   $(INTLTOOL_MERGE) $(wildcard $(top_srcdir)/po/*.po) ; LC_ALL=C $(INTLTOOL_MERGE) -s -u -c $(top_builddir)/po/.intltool-merge-cache $(top_srcdir)/po $< $@'
INTLTOOL_SERVER_RULE='%.server:    %.server.in    $(INTLTOOL_MERGE) $(wildcard $(top_srcdir)/po/*.po) ; LC_ALL=C $(INTLTOOL_MERGE) -o -u -c $(top_builddir)/po/.intltool-merge-cache $(top_srcdir)/po $< $@'
INTLTOOL_SERVICE_RULE='%.service: %.service.in   $(INTLTOOL_MERGE) $(wildcard $(top_srcdir)/po/*.po) ; LC_ALL=C $(INTLTOOL_MERGE) -d -u -c $(top_builddir)/po/.intltool-merge-cache $(top_srcdir)/po $< $@'
INTLTOOL_SHEET_RULE='%.sheet:     %.sheet.in     $(INTLTOOL_MERGE) $(wildcard $(top_srcdir)/po/*.po) ; LC_ALL=C $(INTLTOOL_MERGE) -x -u -c $(top_builddir)/po/.intltool-merge-cache $(top_srcdir)/po $< $@'
INTLTOOL_SOUNDLIST_RULE='%.soundlist: %.soundlist.in $(INTLTOOL_MERGE) $(wildcard $(top_srcdir)/po/*.po) ; LC_ALL=C $(INTLTOOL_MERGE) -d -u -c $(top_builddir)/po/.intltool-merge-cache $(top_srcdir)/po $< $@'
INTLTOOL_THEME_RULE='%.theme:     %.theme.in     $(INTLTOOL_MERGE) $(wildcard $(top_srcdir)/po/*.po) ; LC_ALL=C $(INTLTOOL_MERGE) -d -u -c $(top_builddir)/po/.intltool-merge-cache $(top_srcdir)/po $< $@'
INTLTOOL_UI_RULE='%.ui:        %.ui.in        $(INTLTOOL_MERGE) $(wildcard $(top_srcdir)/po/*.po) ; LC_ALL=C $(INTLTOOL_MERGE) -x -u -c $(top_builddir)/po/.intltool-merge-cache $(top_srcdir)/po $< $@'
INTLTOOL_UPDATE='$(top_builddir)/intltool-update'
INTLTOOL_XAM_RULE='%.xam:       %.xml.in       $(INTLTOOL_MERGE) $(wildcard $(top_srcdir)/po/*.po) ; LC_ALL=C $(INTLTOOL_MERGE) -x -u -c $(top_builddir)/po/.intltool-merge-cache $(top_srcdir)/po $< $@'
INTLTOOL_XGETTEXT='/usr/bin/xgettext'
INTLTOOL_XML_NOMERGE_RULE='%.xml:       %.xml.in       $(INTLTOOL_MERGE) ; LC_ALL=C $(INTLTOOL_MERGE) -x -u /tmp $< $@'
INTLTOOL_XML_RULE='%.xml:       %.xml.in       $(INTLTOOL_MERGE) $(wildcard $(top_srcdir)/po/*.po) ; LC_ALL=C $(INTLTOOL_MERGE) -x -u -c $(top_builddir)/po/.intltool-merge-cache $(top_srcdir)/po $< $@'
LDFLAGS=' -Wl,-O1'
LIBOBJS=''
LIBS=''
LIBSM_CFLAGS=''
LIBSM_LDFLAGS=''
LIBSM_LIBS=' -lSM -lICE -lX11'
LIBTOOL='$(SHELL) $(top_builddir)/libtool'
LIBX11_CFLAGS=''
LIBX11_LDFLAGS=''
LIBX11_LIBS=' -lSM -lICE -lX11'
LIBXFCE4MCS_CLIENT_CFLAGS='-I/usr/include/xfce4 -I/usr/include/glib-2.0 -I/usr/lib/glib-2.0/include  '
LIBXFCE4MCS_CLIENT_LIBS='-lxfce4mcs-client -lxfce4util -lglib-2.0  '
LIBXFCE4MCS_CLIENT_REQUIRED_VERSION='4.4.0'
LIBXFCE4MCS_CLIENT_VERSION='4.4.2'
LIBXFCE4UTIL_CFLAGS='-I/usr/include/xfce4 -I/usr/include/glib-2.0 -I/usr/lib/glib-2.0/include  '
LIBXFCE4UTIL_LIBS='-lxfce4util -lglib-2.0  '
LIBXFCE4UTIL_REQUIRED_VERSION='4.4.0'
LIBXFCE4UTIL_VERSION='4.4.2'
LIBXFCEGUI4_CFLAGS='-D_REENTRANT -I/usr/include/xfce4 -I/usr/include/gtk-2.0 -I/usr/lib/gtk-2.0/include -I/usr/include/pango-1.0 -I/usr/include/glib-2.0 -I/usr/lib/glib-2.0/include -I/usr/include/cairo -I/usr/include/freetype2 -I/usr/include/directfb -I/usr/include/libpng12 -I/usr/include/pixman-1 -I/usr/include/atk-1.0  '
LIBXFCEGUI4_LIBS='-lxfcegui4 -lgtk-x11-2.0 -lxfce4util -lgdk-x11-2.0 -latk-1.0 -lgdk_pixbuf-2.0 -lm -lpangocairo-1.0 -lpango-1.0 -lcairo -lgobject-2.0 -lgmodule-2.0 -ldl -lglib-2.0  '
LIBXFCEGUI4_REQUIRED_VERSION='4.4.0'
LIBXFCEGUI4_VERSION='4.4.2'
LN_S='ln -s'
LTLIBOBJS=''
MAINT='#'
MAINTAINER_MODE_FALSE=''
MAINTAINER_MODE_TRUE='#'
MAKEINFO='${SHELL} /root/SOURCES/xfce4-session-4.4.2/missing --run makeinfo'
MKINSTALLDIRS='./mkinstalldirs'
MSGFMT='/usr/bin/msgfmt'
MSGFMT_OPTS='-c'
OBJEXT='o'
PACKAGE='xfce4-session'
PACKAGE_BUGREPORT='xfce4-dev@xfce.org'
PACKAGE_NAME='xfce4-session'
PACKAGE_STRING='xfce4-session 4.4.2'
PACKAGE_TARNAME='xfce4-session'
PACKAGE_VERSION='4.4.2'
PATH_SEPARATOR=':'
PKG_CONFIG='/usr/bin/pkg-config'
POFILES=' am.po ar.po az.po be.po bn_IN.po ca.po cs.po de.po dz.po el.po en_GB.po eo.po es.po es_MX.po et.po eu.po fa.po fi.po fr.po gl.po gu.po he.po hi.po hu.po it.po ja.po ka.po ko.po lt.po lv.po mk.po mr.po ms.po nl.po nb_NO.po pa.po pl.po pt_BR.po pt_PT.po ro.po ru.po sv.po sk.po ta.po tr.po uk.po vi.po zh_CN.po zh_TW.po'
POSUB='po'
PO_IN_DATADIR_FALSE=''
PO_IN_DATADIR_TRUE=''
RANLIB='ranlib'
RM='/bin/rm'
SED='/bin/sed'
SET_MAKE=''
SHELL='/bin/sh'
STRIP='strip'
USE_NLS='yes'
VERSION='4.4.2'
XFCE_MCS_MANAGER_CFLAGS='-D_REENTRANT -I/usr/include/xfce4 -I/usr/include/gtk-2.0 -I/usr/lib/gtk-2.0/include -I/usr/include/pango-1.0 -I/usr/include/glib-2.0 -I/usr/lib/glib-2.0/include -I/usr/include/cairo -I/usr/include/freetype2 -I/usr/include/directfb -I/usr/include/libpng12 -I/usr/include/pixman-1 -I/usr/include/atk-1.0  '
XFCE_MCS_MANAGER_LIBS='-lxfcegui4 -lxfce4mcs-manager -lxfce4mcs-client -lgtk-x11-2.0 -lgdk-x11-2.0 -latk-1.0 -lgdk_pixbuf-2.0 -lm -lpangocairo-1.0 -lpango-1.0 -lcairo -lgobject-2.0 -lgmodule-2.0 -ldl -lxfce4util -lglib-2.0  '
XFCE_MCS_MANAGER_PLUGINSDIR='${exec_prefix}/lib/xfce4/mcs-plugins'
XFCE_MCS_MANAGER_REQUIRED_VERSION='4.4.0'
XFCE_MCS_MANAGER_VERSION='4.4.2'
XGETTEXT='/usr/bin/xgettext'
XGETTEXT_ARGS='--keyword=Q_ --from-code=UTF-8'
XMKMF=''
X_CFLAGS=''
X_EXTRA_LIBS=''
X_LIBS=''
X_PRE_LIBS=' -lSM -lICE'
ac_ct_CC=''
ac_ct_CXX=''
ac_ct_F77=''
am__fastdepCC_FALSE='#'
am__fastdepCC_TRUE=''
am__fastdepCXX_FALSE='#'
am__fastdepCXX_TRUE=''
am__include='include'
am__isrc=''
am__leading_dot='.'
am__quote=''
am__tar='${AMTAR} chof - "$$tardir"'
am__untar='${AMTAR} xf -'
bindir='${exec_prefix}/bin'
build='i486-pc-linux-gnu'
build_alias='i486-linux-gnu'
build_cpu='i486'
build_os='linux-gnu'
build_vendor='pc'
datadir='${datarootdir}'
datarootdir='${prefix}/share'
docdir='${datarootdir}/doc/${PACKAGE_TARNAME}'
dvidir='${docdir}'
exec_prefix='${prefix}'
host='i486-pc-linux-gnu'
host_alias='i486-linux-gnu'
host_cpu='i486'
host_os='linux-gnu'
host_vendor='pc'
htmldir='${docdir}'
includedir='${prefix}/include'
infodir='${prefix}/share/info'
install_sh='$(SHELL) /root/SOURCES/xfce4-session-4.4.2/install-sh'
libdir='${exec_prefix}/lib'
libexecdir='/usr/sbin'
localedir='${datarootdir}/locale'
localstatedir='${prefix}/var'
mandir='${prefix}/share/man'
mkdir_p='/bin/mkdir -p'
oldincludedir='/usr/include'
pdfdir='${docdir}'
prefix='/usr'
program_transform_name='s,x,x,'
psdir='${docdir}'
sbindir='${exec_prefix}/sbin'
sharedstatedir='${prefix}/com'
sysconfdir='/etc'
target_alias=''

## ----------- ##
## confdefs.h. ##
## ----------- ##

#define PACKAGE_NAME "xfce4-session"
#define PACKAGE_TARNAME "xfce4-session"
#define PACKAGE_VERSION "4.4.2"
#define PACKAGE_STRING "xfce4-session 4.4.2"
#define PACKAGE_BUGREPORT "xfce4-dev@xfce.org"
#define PACKAGE "xfce4-session"
#define VERSION "4.4.2"
#define STDC_HEADERS 1
#define HAVE_SYS_TYPES_H 1
#define HAVE_SYS_STAT_H 1
#define HAVE_STDLIB_H 1
#define HAVE_STRING_H 1
#define HAVE_MEMORY_H 1
#define HAVE_STRINGS_H 1
#define HAVE_INTTYPES_H 1
#define HAVE_STDINT_H 1
#define HAVE_UNISTD_H 1
#define HAVE_DLFCN_H 1
#define STDC_HEADERS 1
#define HAVE_ERRNO_H 1
#define HAVE_FCNTL_H 1
#define HAVE_LIMITS_H 1
#define HAVE_NETDB_H 1
#define HAVE_SIGNAL_H 1
#define HAVE_STDARG_H 1
#define HAVE_SYS_PARAM_H 1
#define HAVE_SYS_RESOURCE_H 1
#define HAVE_SYS_SOCKET_H 1
#define HAVE_SYS_TIME_H 1
#define HAVE_SYS_WAIT_H 1
#define HAVE_SYS_UTSNAME_H 1
#define HAVE_TIME_H 1
#define HAVE_UNISTD_H 1
#define HAVE_GETADDRINFO 1
#define HAVE_GETHOSTBYNAME 1
#define HAVE_GETHOSTNAME 1
#define HAVE_SIGACTION 1
#define HAVE_STRDUP 1
#define HAVE_SYNC 1
#define HAVE_VFORK 1
#define HAVE_LIBX11 1
#define HAVE_LIBSM 1
#define HAVE__ICETRANSNOLISTEN 1
#define GETTEXT_PACKAGE "xfce4-session"
#define HAVE_LOCALE_H 1
#define HAVE_LC_MESSAGES 1
#define HAVE_BIND_TEXTDOMAIN_CODESET 1
#define HAVE_GETTEXT 1
#define HAVE_DCGETTEXT 1
#define ENABLE_NLS 1
#define HAVE_DBUS 1
#define ICEAUTH_CMD "/usr/bin/iceauth"
#define RM_CMD "/bin/rm"
#define LEGACY_SESSION_MANAGEMENT 1

configure: exit 0
