This file contains any messages produced by compilers while
running configure, to aid debugging if configure makes a mistake.

It was created by thunar-volman configure 0.2.0, which was
generated by GNU Autoconf 2.61.  Invocation command line was

  $ /root/SOURCES/thunar-volman-0.2.0/./configure --build=i486-linux-gnu --prefix=/usr --includedir=${prefix}/include --mandir=${prefix}/share/man --infodir=${prefix}/share/info --sysconfdir=/etc --localstatedir=/var --libexecdir=${prefix}/lib/thunar-volman --disable-maintainer-mode --disable-dependency-tracking --srcdir=. --disable-rpath

## --------- ##
## Platform. ##
## --------- ##

hostname = build
uname -m = i686
uname -r = 2.6.26-2-686
uname -s = Linux
uname -v = #1 SMP Wed May 12 21:56:10 UTC 2010

/usr/bin/uname -p = unknown
/bin/uname -X     = unknown

/bin/arch              = unknown
/usr/bin/arch -k       = unknown
/usr/convex/getsysinfo = unknown
/usr/bin/hostinfo      = unknown
/bin/machine           = unknown
/usr/bin/oslevel       = unknown
/bin/universe          = unknown

PATH: /usr/local/sbin
PATH: /usr/local/bin
PATH: /usr/sbin
PATH: /usr/bin
PATH: /sbin
PATH: /bin


## ----------- ##
## Core tests. ##
## ----------- ##

configure:2061: checking build system type
configure:2079: result: i486-pc-linux-gnu
configure:2101: checking host system type
configure:2116: result: i486-pc-linux-gnu
configure:2138: checking target system type
configure:2153: result: i486-pc-linux-gnu
configure:2198: checking for a BSD-compatible install
configure:2254: result: /usr/bin/install -c
configure:2265: checking whether build environment is sane
configure:2308: result: yes
configure:2336: checking for a thread-safe mkdir -p
configure:2375: result: /bin/mkdir -p
configure:2388: checking for gawk
configure:2418: result: no
configure:2388: checking for mawk
configure:2404: found /usr/bin/mawk
configure:2415: result: mawk
configure:2426: checking whether make sets $(MAKE)
configure:2447: result: yes
configure:2630: checking how to create a ustar tar archive
configure:2643: tar --version
tar (GNU tar) 1.20
Copyright (C) 2008 Free Software Foundation, Inc.
License GPLv3+: GNU GPL version 3 or later <http://gnu.org/licenses/gpl.html>
This is free software: you are free to change and redistribute it.
There is NO WARRANTY, to the extent permitted by law.

Written by John Gilmore and Jay Fenlason.
configure:2646: $? = 0
configure:2686: tardir=conftest.dir && eval tar --format=ustar -chf - "$tardir" >conftest.tar
configure:2689: $? = 0
configure:2693: tar -xf - <conftest.tar
configure:2696: $? = 0
configure:2709: result: gnutar
configure:2718: checking whether to enable maintainer-specific portions of Makefiles
configure:2727: result: no
configure:2753: checking for style of include used by make
configure:2781: result: GNU
configure:2851: checking for gcc
configure:2878: result: cc
configure:3116: checking for C compiler version
configure:3123: cc --version >&5
cc (Debian 4.3.2-1.1) 4.3.2
Copyright (C) 2008 Free Software Foundation, Inc.
This is free software; see the source for copying conditions.  There is NO
warranty; not even for MERCHANTABILITY or FITNESS FOR A PARTICULAR PURPOSE.

configure:3126: $? = 0
configure:3133: cc -v >&5
Using built-in specs.
Target: i486-linux-gnu
Configured with: ../src/configure -v --with-pkgversion='Debian 4.3.2-1.1' --with-bugurl=file:///usr/share/doc/gcc-4.3/README.Bugs --enable-languages=c,c++,fortran,objc,obj-c++ --prefix=/usr --enable-shared --with-system-zlib --libexecdir=/usr/lib --without-included-gettext --enable-threads=posix --enable-nls --with-gxx-include-dir=/usr/include/c++/4.3 --program-suffix=-4.3 --enable-clocale=gnu --enable-libstdcxx-debug --enable-objc-gc --enable-mpfr --enable-targets=all --enable-cld --enable-checking=release --build=i486-linux-gnu --host=i486-linux-gnu --target=i486-linux-gnu
Thread model: posix
gcc version 4.3.2 (Debian 4.3.2-1.1) 
configure:3136: $? = 0
configure:3143: cc -V >&5
cc: '-V' option must have argument
configure:3146: $? = 1
configure:3169: checking for C compiler default output file name
configure:3196: cc -g -O2 -g -Wall -O2   conftest.c  >&5
configure:3199: $? = 0
configure:3237: result: a.out
configure:3254: checking whether the C compiler works
configure:3264: ./a.out
configure:3267: $? = 0
configure:3284: result: yes
configure:3291: checking whether we are cross compiling
configure:3293: result: no
configure:3296: checking for suffix of executables
configure:3303: cc -o conftest -g -O2 -g -Wall -O2   conftest.c  >&5
configure:3306: $? = 0
configure:3330: result: 
configure:3336: checking for suffix of object files
configure:3362: cc -c -g -O2 -g -Wall -O2  conftest.c >&5
configure:3365: $? = 0
configure:3388: result: o
configure:3392: checking whether we are using the GNU C compiler
configure:3421: cc -c -g -O2 -g -Wall -O2  conftest.c >&5
configure:3427: $? = 0
configure:3444: result: yes
configure:3449: checking whether cc accepts -g
configure:3479: cc -c -g  conftest.c >&5
configure:3485: $? = 0
configure:3584: result: yes
configure:3601: checking for cc option to accept ISO C89
configure:3675: cc  -c -g -O2 -g -Wall -O2  conftest.c >&5
configure:3681: $? = 0
configure:3704: result: none needed
configure:3724: checking dependency style of cc
configure:3815: result: none
configure:3836: checking how to run the C preprocessor
configure:3876: cc -E  conftest.c
configure:3882: $? = 0
configure:3913: cc -E  conftest.c
conftest.c:10:28: error: ac_nonexistent.h: No such file or directory
configure:3919: $? = 1
configure: failed program was:
| /* confdefs.h.  */
| #define PACKAGE_NAME "thunar-volman"
| #define PACKAGE_TARNAME "thunar-volman"
| #define PACKAGE_VERSION "0.2.0"
| #define PACKAGE_STRING "thunar-volman 0.2.0"
| #define PACKAGE_BUGREPORT "http://bugzilla.xfce.org/"
| #define PACKAGE "thunar-volman"
| #define VERSION "0.2.0"
| /* end confdefs.h.  */
| #include <ac_nonexistent.h>
configure:3952: result: cc -E
configure:3981: cc -E  conftest.c
configure:3987: $? = 0
configure:4018: cc -E  conftest.c
conftest.c:10:28: error: ac_nonexistent.h: No such file or directory
configure:4024: $? = 1
configure: failed program was:
| /* confdefs.h.  */
| #define PACKAGE_NAME "thunar-volman"
| #define PACKAGE_TARNAME "thunar-volman"
| #define PACKAGE_VERSION "0.2.0"
| #define PACKAGE_STRING "thunar-volman 0.2.0"
| #define PACKAGE_BUGREPORT "http://bugzilla.xfce.org/"
| #define PACKAGE "thunar-volman"
| #define VERSION "0.2.0"
| /* end confdefs.h.  */
| #include <ac_nonexistent.h>
configure:4062: checking for grep that handles long lines and -e
configure:4136: result: /bin/grep
configure:4141: checking for egrep
configure:4219: result: /bin/grep -E
configure:4225: checking for AIX
configure:4247: result: no
configure:4253: checking for library containing strerror
configure:4294: cc -o conftest -g -O2 -g -Wall -O2   conftest.c  >&5
configure:4300: $? = 0
configure:4328: result: none required
configure:4336: checking for ANSI C header files
configure:4366: cc -c -g -O2 -g -Wall -O2  conftest.c >&5
configure:4372: $? = 0
configure:4471: cc -o conftest -g -O2 -g -Wall -O2   conftest.c  >&5
configure:4474: $? = 0
configure:4480: ./conftest
configure:4483: $? = 0
configure:4500: result: yes
configure:4524: checking for sys/types.h
configure:4545: cc -c -g -O2 -g -Wall -O2  conftest.c >&5
configure:4551: $? = 0
configure:4567: result: yes
configure:4524: checking for sys/stat.h
configure:4545: cc -c -g -O2 -g -Wall -O2  conftest.c >&5
configure:4551: $? = 0
configure:4567: result: yes
configure:4524: checking for stdlib.h
configure:4545: cc -c -g -O2 -g -Wall -O2  conftest.c >&5
configure:4551: $? = 0
configure:4567: result: yes
configure:4524: checking for string.h
configure:4545: cc -c -g -O2 -g -Wall -O2  conftest.c >&5
configure:4551: $? = 0
configure:4567: result: yes
configure:4524: checking for memory.h
configure:4545: cc -c -g -O2 -g -Wall -O2  conftest.c >&5
configure:4551: $? = 0
configure:4567: result: yes
configure:4524: checking for strings.h
configure:4545: cc -c -g -O2 -g -Wall -O2  conftest.c >&5
configure:4551: $? = 0
configure:4567: result: yes
configure:4524: checking for inttypes.h
configure:4545: cc -c -g -O2 -g -Wall -O2  conftest.c >&5
configure:4551: $? = 0
configure:4567: result: yes
configure:4524: checking for stdint.h
configure:4545: cc -c -g -O2 -g -Wall -O2  conftest.c >&5
configure:4551: $? = 0
configure:4567: result: yes
configure:4524: checking for unistd.h
configure:4545: cc -c -g -O2 -g -Wall -O2  conftest.c >&5
configure:4551: $? = 0
configure:4567: result: yes
configure:4589: checking minix/config.h usability
configure:4606: cc -c -g -O2 -g -Wall -O2  conftest.c >&5
conftest.c:53:26: error: minix/config.h: No such file or directory
configure:4612: $? = 1
configure: failed program was:
| /* confdefs.h.  */
| #define PACKAGE_NAME "thunar-volman"
| #define PACKAGE_TARNAME "thunar-volman"
| #define PACKAGE_VERSION "0.2.0"
| #define PACKAGE_STRING "thunar-volman 0.2.0"
| #define PACKAGE_BUGREPORT "http://bugzilla.xfce.org/"
| #define PACKAGE "thunar-volman"
| #define VERSION "0.2.0"
| #define STDC_HEADERS 1
| #define HAVE_SYS_TYPES_H 1
| #define HAVE_SYS_STAT_H 1
| #define HAVE_STDLIB_H 1
| #define HAVE_STRING_H 1
| #define HAVE_MEMORY_H 1
| #define HAVE_STRINGS_H 1
| #define HAVE_INTTYPES_H 1
| #define HAVE_STDINT_H 1
| #define HAVE_UNISTD_H 1
| /* end confdefs.h.  */
| #include <stdio.h>
| #ifdef HAVE_SYS_TYPES_H
| # include <sys/types.h>
| #endif
| #ifdef HAVE_SYS_STAT_H
| # include <sys/stat.h>
| #endif
| #ifdef STDC_HEADERS
| # include <stdlib.h>
| # include <stddef.h>
| #else
| # ifdef HAVE_STDLIB_H
| #  include <stdlib.h>
| # endif
| #endif
| #ifdef HAVE_STRING_H
| # if !defined STDC_HEADERS && defined HAVE_MEMORY_H
| #  include <memory.h>
| # endif
| # include <string.h>
| #endif
| #ifdef HAVE_STRINGS_H
| # include <strings.h>
| #endif
| #ifdef HAVE_INTTYPES_H
| # include <inttypes.h>
| #endif
| #ifdef HAVE_STDINT_H
| # include <stdint.h>
| #endif
| #ifdef HAVE_UNISTD_H
| # include <unistd.h>
| #endif
| #include <minix/config.h>
configure:4626: result: no
configure:4630: checking minix/config.h presence
configure:4645: cc -E  conftest.c
conftest.c:20:26: error: minix/config.h: No such file or directory
configure:4651: $? = 1
configure: failed program was:
| /* confdefs.h.  */
| #define PACKAGE_NAME "thunar-volman"
| #define PACKAGE_TARNAME "thunar-volman"
| #define PACKAGE_VERSION "0.2.0"
| #define PACKAGE_STRING "thunar-volman 0.2.0"
| #define PACKAGE_BUGREPORT "http://bugzilla.xfce.org/"
| #define PACKAGE "thunar-volman"
| #define VERSION "0.2.0"
| #define STDC_HEADERS 1
| #define HAVE_SYS_TYPES_H 1
| #define HAVE_SYS_STAT_H 1
| #define HAVE_STDLIB_H 1
| #define HAVE_STRING_H 1
| #define HAVE_MEMORY_H 1
| #define HAVE_STRINGS_H 1
| #define HAVE_INTTYPES_H 1
| #define HAVE_STDINT_H 1
| #define HAVE_UNISTD_H 1
| /* end confdefs.h.  */
| #include <minix/config.h>
configure:4665: result: no
configure:4698: checking for minix/config.h
configure:4705: result: no
configure:4783: checking for gcc
configure:4810: result: cc
configure:5048: checking for C compiler version
configure:5055: cc --version >&5
cc (Debian 4.3.2-1.1) 4.3.2
Copyright (C) 2008 Free Software Foundation, Inc.
This is free software; see the source for copying conditions.  There is NO
warranty; not even for MERCHANTABILITY or FITNESS FOR A PARTICULAR PURPOSE.

configure:5058: $? = 0
configure:5065: cc -v >&5
Using built-in specs.
Target: i486-linux-gnu
Configured with: ../src/configure -v --with-pkgversion='Debian 4.3.2-1.1' --with-bugurl=file:///usr/share/doc/gcc-4.3/README.Bugs --enable-languages=c,c++,fortran,objc,obj-c++ --prefix=/usr --enable-shared --with-system-zlib --libexecdir=/usr/lib --without-included-gettext --enable-threads=posix --enable-nls --with-gxx-include-dir=/usr/include/c++/4.3 --program-suffix=-4.3 --enable-clocale=gnu --enable-libstdcxx-debug --enable-objc-gc --enable-mpfr --enable-targets=all --enable-cld --enable-checking=release --build=i486-linux-gnu --host=i486-linux-gnu --target=i486-linux-gnu
Thread model: posix
gcc version 4.3.2 (Debian 4.3.2-1.1) 
configure:5068: $? = 0
configure:5075: cc -V >&5
cc: '-V' option must have argument
configure:5078: $? = 1
configure:5081: checking whether we are using the GNU C compiler
configure:5133: result: yes
configure:5138: checking whether cc accepts -g
configure:5273: result: yes
configure:5290: checking for cc option to accept ISO C89
configure:5393: result: none needed
configure:5413: checking dependency style of cc
configure:5504: result: none
configure:5523: checking whether cc understands -c and -o together
configure:5555: cc -c conftest.c -o conftest2.o >&5
configure:5558: $? = 0
configure:5564: cc -c conftest.c -o conftest2.o >&5
configure:5567: $? = 0
configure:5619: result: yes
configure:5631: checking for a sed that does not truncate output
configure:5687: result: /bin/sed
configure:5701: checking for ld used by cc
configure:5768: result: /usr/bin/ld
configure:5777: checking if the linker (/usr/bin/ld) is GNU ld
configure:5792: result: yes
configure:5810: checking for a BSD-compatible install
configure:5866: result: /usr/bin/install -c
configure:5952: checking for perl
configure:5970: found /usr/bin/perl
configure:5982: result: /usr/bin/perl
configure:6001: checking for XML::Parser
configure:6004: result: ok
configure:6015: checking for iconv
configure:6033: found /usr/bin/iconv
configure:6046: result: /usr/bin/iconv
configure:6056: checking for msgfmt
configure:6074: found /usr/bin/msgfmt
configure:6087: result: /usr/bin/msgfmt
configure:6097: checking for msgmerge
configure:6115: found /usr/bin/msgmerge
configure:6128: result: /usr/bin/msgmerge
configure:6138: checking for xgettext
configure:6156: found /usr/bin/xgettext
configure:6169: result: /usr/bin/xgettext
configure:6206: cc -o conftest -g -O2 -g -Wall -O2   conftest.c  >&5
configure:6212: $? = 0
configure:6405: checking for /usr/bin/ld option to reload object files
configure:6412: result: -r
configure:6430: checking for BSD-compatible nm
configure:6479: result: /usr/bin/nm -B
configure:6483: checking whether ln -s works
configure:6487: result: yes
configure:6494: checking how to recognize dependent libraries
configure:6680: result: pass_all
configure:6930: checking dlfcn.h usability
configure:6947: cc -c -g -O2 -g -Wall -O2  conftest.c >&5
configure:6953: $? = 0
configure:6967: result: yes
configure:6971: checking dlfcn.h presence
configure:6986: cc -E  conftest.c
configure:6992: $? = 0
configure:7006: result: yes
configure:7039: checking for dlfcn.h
configure:7047: result: yes
configure:7176: checking for C++ compiler version
configure:7183: g++ --version >&5
g++ (Debian 4.3.2-1.1) 4.3.2
Copyright (C) 2008 Free Software Foundation, Inc.
This is free software; see the source for copying conditions.  There is NO
warranty; not even for MERCHANTABILITY or FITNESS FOR A PARTICULAR PURPOSE.

configure:7186: $? = 0
configure:7193: g++ -v >&5
Using built-in specs.
Target: i486-linux-gnu
Configured with: ../src/configure -v --with-pkgversion='Debian 4.3.2-1.1' --with-bugurl=file:///usr/share/doc/gcc-4.3/README.Bugs --enable-languages=c,c++,fortran,objc,obj-c++ --prefix=/usr --enable-shared --with-system-zlib --libexecdir=/usr/lib --without-included-gettext --enable-threads=posix --enable-nls --with-gxx-include-dir=/usr/include/c++/4.3 --program-suffix=-4.3 --enable-clocale=gnu --enable-libstdcxx-debug --enable-objc-gc --enable-mpfr --enable-targets=all --enable-cld --enable-checking=release --build=i486-linux-gnu --host=i486-linux-gnu --target=i486-linux-gnu
Thread model: posix
gcc version 4.3.2 (Debian 4.3.2-1.1) 
configure:7196: $? = 0
configure:7203: g++ -V >&5
g++: '-V' option must have argument
configure:7206: $? = 1
configure:7209: checking whether we are using the GNU C++ compiler
configure:7238: g++ -c -g -O2 -g -Wall -O2  conftest.cpp >&5
configure:7244: $? = 0
configure:7261: result: yes
configure:7266: checking whether g++ accepts -g
configure:7296: g++ -c -g  conftest.cpp >&5
configure:7302: $? = 0
configure:7401: result: yes
configure:7426: checking dependency style of g++
configure:7517: result: none
configure:7542: checking how to run the C++ preprocessor
configure:7578: g++ -E  conftest.cpp
configure:7584: $? = 0
configure:7615: g++ -E  conftest.cpp
conftest.cpp:21:28: error: ac_nonexistent.h: No such file or directory
configure:7621: $? = 1
configure: failed program was:
| /* confdefs.h.  */
| #define PACKAGE_NAME "thunar-volman"
| #define PACKAGE_TARNAME "thunar-volman"
| #define PACKAGE_VERSION "0.2.0"
| #define PACKAGE_STRING "thunar-volman 0.2.0"
| #define PACKAGE_BUGREPORT "http://bugzilla.xfce.org/"
| #define PACKAGE "thunar-volman"
| #define VERSION "0.2.0"
| #define STDC_HEADERS 1
| #define HAVE_SYS_TYPES_H 1
| #define HAVE_SYS_STAT_H 1
| #define HAVE_STDLIB_H 1
| #define HAVE_STRING_H 1
| #define HAVE_MEMORY_H 1
| #define HAVE_STRINGS_H 1
| #define HAVE_INTTYPES_H 1
| #define HAVE_STDINT_H 1
| #define HAVE_UNISTD_H 1
| #define HAVE_DLFCN_H 1
| /* end confdefs.h.  */
| #include <ac_nonexistent.h>
configure:7654: result: g++ -E
configure:7683: g++ -E  conftest.cpp
configure:7689: $? = 0
configure:7720: g++ -E  conftest.cpp
conftest.cpp:21:28: error: ac_nonexistent.h: No such file or directory
configure:7726: $? = 1
configure: failed program was:
| /* confdefs.h.  */
| #define PACKAGE_NAME "thunar-volman"
| #define PACKAGE_TARNAME "thunar-volman"
| #define PACKAGE_VERSION "0.2.0"
| #define PACKAGE_STRING "thunar-volman 0.2.0"
| #define PACKAGE_BUGREPORT "http://bugzilla.xfce.org/"
| #define PACKAGE "thunar-volman"
| #define VERSION "0.2.0"
| #define STDC_HEADERS 1
| #define HAVE_SYS_TYPES_H 1
| #define HAVE_SYS_STAT_H 1
| #define HAVE_STDLIB_H 1
| #define HAVE_STRING_H 1
| #define HAVE_MEMORY_H 1
| #define HAVE_STRINGS_H 1
| #define HAVE_INTTYPES_H 1
| #define HAVE_STDINT_H 1
| #define HAVE_UNISTD_H 1
| #define HAVE_DLFCN_H 1
| /* end confdefs.h.  */
| #include <ac_nonexistent.h>
configure:7819: checking for g77
configure:7849: result: no
configure:7819: checking for xlf
configure:7849: result: no
configure:7819: checking for f77
configure:7849: result: no
configure:7819: checking for frt
configure:7849: result: no
configure:7819: checking for pgf77
configure:7849: result: no
configure:7819: checking for cf77
configure:7849: result: no
configure:7819: checking for fort77
configure:7849: result: no
configure:7819: checking for fl32
configure:7849: result: no
configure:7819: checking for af77
configure:7849: result: no
configure:7819: checking for xlf90
configure:7849: result: no
configure:7819: checking for f90
configure:7849: result: no
configure:7819: checking for pgf90
configure:7849: result: no
configure:7819: checking for pghpf
configure:7849: result: no
configure:7819: checking for epcf90
configure:7849: result: no
configure:7819: checking for gfortran
configure:7849: result: no
configure:7819: checking for g95
configure:7849: result: no
configure:7819: checking for xlf95
configure:7849: result: no
configure:7819: checking for f95
configure:7849: result: no
configure:7819: checking for fort
configure:7849: result: no
configure:7819: checking for ifort
configure:7849: result: no
configure:7819: checking for ifc
configure:7849: result: no
configure:7819: checking for efc
configure:7849: result: no
configure:7819: checking for pgf95
configure:7849: result: no
configure:7819: checking for lf95
configure:7849: result: no
configure:7819: checking for ftn
configure:7849: result: no
configure:7876: checking for Fortran 77 compiler version
configure:7883:  --version >&5
/root/SOURCES/thunar-volman-0.2.0/./configure: line 7884: --version: command not found
configure:7886: $? = 127
configure:7893:  -v >&5
/root/SOURCES/thunar-volman-0.2.0/./configure: line 7894: -v: command not found
configure:7896: $? = 127
configure:7903:  -V >&5
/root/SOURCES/thunar-volman-0.2.0/./configure: line 7904: -V: command not found
configure:7906: $? = 127
configure:7914: checking whether we are using the GNU Fortran 77 compiler
configure:7933:  -c -g -O2 conftest.F >&5
/root/SOURCES/thunar-volman-0.2.0/./configure: line 7934: -c: command not found
configure:7939: $? = 127
configure: failed program was:
|       program main
| #ifndef __GNUC__
|        choke me
| #endif
| 
|       end
configure:7956: result: no
configure:7962: checking whether  accepts -g
configure:7979:  -c -g conftest.f >&5
/root/SOURCES/thunar-volman-0.2.0/./configure: line 7980: -c: command not found
configure:7985: $? = 127
configure: failed program was:
|       program main
| 
|       end
configure:8001: result: no
configure:8031: checking the maximum length of command line arguments
configure:8143: result: 98304
configure:8155: checking command to parse /usr/bin/nm -B output from cc object
configure:8260: cc -c -g -O2 -g -Wall -O2  conftest.c >&5
configure:8263: $? = 0
configure:8267: /usr/bin/nm -B conftest.o \| sed -n -e 's/^.*[ 	]\([ABCDGIRSTW][ABCDGIRSTW]*\)[ 	][ 	]*\([_A-Za-z][_A-Za-z0-9]*\)$/\1 \2 \2/p' \> conftest.nm
configure:8270: $? = 0
configure:8322: cc -o conftest -g -O2 -g -Wall -O2   conftest.c conftstm.o >&5
configure:8325: $? = 0
configure:8363: result: ok
configure:8367: checking for objdir
configure:8382: result: .libs
configure:8474: checking for ar
configure:8490: found /usr/bin/ar
configure:8501: result: ar
configure:8570: checking for ranlib
configure:8586: found /usr/bin/ranlib
configure:8597: result: ranlib
configure:8666: checking for strip
configure:8682: found /usr/bin/strip
configure:8693: result: strip
configure:8930: checking for correct ltmain.sh version
configure:8980: result: yes
configure:9040: checking if cc supports -fno-rtti -fno-exceptions
configure:9058: cc -c -g -O2 -g -Wall -O2  -fno-rtti -fno-exceptions conftest.c >&5
cc1: warning: command line option "-fno-rtti" is valid for C++/ObjC++ but not for C
configure:9062: $? = 0
configure:9075: result: no
configure:9090: checking for cc option to produce PIC
configure:9322: result: -fPIC
configure:9330: checking if cc PIC flag -fPIC works
configure:9348: cc -c -g -O2 -g -Wall -O2  -fPIC -DPIC conftest.c >&5
configure:9352: $? = 0
configure:9365: result: yes
configure:9393: checking if cc static flag -static works
configure:9421: result: yes
configure:9431: checking if cc supports -c -o file.o
configure:9452: cc -c -g -O2 -g -Wall -O2  -o out/conftest2.o conftest.c >&5
configure:9456: $? = 0
configure:9478: result: yes
configure:9504: checking whether the cc linker (/usr/bin/ld) supports shared libraries
configure:10484: result: yes
configure:10505: checking whether -lc should be explicitly linked in
configure:10510: cc -c -g -O2 -g -Wall -O2  conftest.c >&5
configure:10513: $? = 0
configure:10528: cc -shared conftest.o  -v -Wl,-soname -Wl,conftest -o conftest 2\>\&1 \| grep  -lc  \>/dev/null 2\>\&1
configure:10531: $? = 0
configure:10543: result: no
configure:10551: checking dynamic linker characteristics
configure:11166: result: GNU/Linux ld.so
configure:11175: checking how to hardcode library paths into programs
configure:11200: result: immediate
configure:11214: checking whether stripping libraries is possible
configure:11219: result: yes
configure:12021: checking if libtool supports shared libraries
configure:12023: result: yes
configure:12026: checking whether to build shared libraries
configure:12047: result: yes
configure:12050: checking whether to build static libraries
configure:12054: result: no
configure:12147: creating libtool
configure:12735: checking for ld used by g++
configure:12802: result: /usr/bin/ld
configure:12811: checking if the linker (/usr/bin/ld) is GNU ld
configure:12826: result: yes
configure:12877: checking whether the g++ linker (/usr/bin/ld) supports shared libraries
configure:13851: result: yes
configure:13869: g++ -c -g -O2 -g -Wall -O2  conftest.cpp >&5
configure:13872: $? = 0
configure:14024: checking for g++ option to produce PIC
configure:14308: result: -fPIC
configure:14316: checking if g++ PIC flag -fPIC works
configure:14334: g++ -c -g -O2 -g -Wall -O2  -fPIC -DPIC conftest.cpp >&5
configure:14338: $? = 0
configure:14351: result: yes
configure:14379: checking if g++ static flag -static works
configure:14407: result: yes
configure:14417: checking if g++ supports -c -o file.o
configure:14438: g++ -c -g -O2 -g -Wall -O2  -o out/conftest2.o conftest.cpp >&5
configure:14442: $? = 0
configure:14464: result: yes
configure:14490: checking whether the g++ linker (/usr/bin/ld) supports shared libraries
configure:14515: result: yes
configure:14582: checking dynamic linker characteristics
configure:15145: result: GNU/Linux ld.so
configure:15154: checking how to hardcode library paths into programs
configure:15179: result: immediate
configure:21396: checking errno.h usability
configure:21413: cc -c -g -O2 -g -Wall -O2  conftest.c >&5
configure:21419: $? = 0
configure:21433: result: yes
configure:21437: checking errno.h presence
configure:21452: cc -E  conftest.c
configure:21458: $? = 0
configure:21472: result: yes
configure:21505: checking for errno.h
configure:21513: result: yes
configure:21396: checking path.h usability
configure:21413: cc -c -g -O2 -g -Wall -O2  conftest.c >&5
conftest.c:55:18: error: path.h: No such file or directory
configure:21419: $? = 1
configure: failed program was:
| /* confdefs.h.  */
| #define PACKAGE_NAME "thunar-volman"
| #define PACKAGE_TARNAME "thunar-volman"
| #define PACKAGE_VERSION "0.2.0"
| #define PACKAGE_STRING "thunar-volman 0.2.0"
| #define PACKAGE_BUGREPORT "http://bugzilla.xfce.org/"
| #define PACKAGE "thunar-volman"
| #define VERSION "0.2.0"
| #define STDC_HEADERS 1
| #define HAVE_SYS_TYPES_H 1
| #define HAVE_SYS_STAT_H 1
| #define HAVE_STDLIB_H 1
| #define HAVE_STRING_H 1
| #define HAVE_MEMORY_H 1
| #define HAVE_STRINGS_H 1
| #define HAVE_INTTYPES_H 1
| #define HAVE_STDINT_H 1
| #define HAVE_UNISTD_H 1
| #define HAVE_DLFCN_H 1
| #define HAVE_ERRNO_H 1
| /* end confdefs.h.  */
| #include <stdio.h>
| #ifdef HAVE_SYS_TYPES_H
| # include <sys/types.h>
| #endif
| #ifdef HAVE_SYS_STAT_H
| # include <sys/stat.h>
| #endif
| #ifdef STDC_HEADERS
| # include <stdlib.h>
| # include <stddef.h>
| #else
| # ifdef HAVE_STDLIB_H
| #  include <stdlib.h>
| # endif
| #endif
| #ifdef HAVE_STRING_H
| # if !defined STDC_HEADERS && defined HAVE_MEMORY_H
| #  include <memory.h>
| # endif
| # include <string.h>
| #endif
| #ifdef HAVE_STRINGS_H
| # include <strings.h>
| #endif
| #ifdef HAVE_INTTYPES_H
| # include <inttypes.h>
| #endif
| #ifdef HAVE_STDINT_H
| # include <stdint.h>
| #endif
| #ifdef HAVE_UNISTD_H
| # include <unistd.h>
| #endif
| #include <path.h>
configure:21433: result: no
configure:21437: checking path.h presence
configure:21452: cc -E  conftest.c
conftest.c:22:18: error: path.h: No such file or directory
configure:21458: $? = 1
configure: failed program was:
| /* confdefs.h.  */
| #define PACKAGE_NAME "thunar-volman"
| #define PACKAGE_TARNAME "thunar-volman"
| #define PACKAGE_VERSION "0.2.0"
| #define PACKAGE_STRING "thunar-volman 0.2.0"
| #define PACKAGE_BUGREPORT "http://bugzilla.xfce.org/"
| #define PACKAGE "thunar-volman"
| #define VERSION "0.2.0"
| #define STDC_HEADERS 1
| #define HAVE_SYS_TYPES_H 1
| #define HAVE_SYS_STAT_H 1
| #define HAVE_STDLIB_H 1
| #define HAVE_STRING_H 1
| #define HAVE_MEMORY_H 1
| #define HAVE_STRINGS_H 1
| #define HAVE_INTTYPES_H 1
| #define HAVE_STDINT_H 1
| #define HAVE_UNISTD_H 1
| #define HAVE_DLFCN_H 1
| #define HAVE_ERRNO_H 1
| /* end confdefs.h.  */
| #include <path.h>
configure:21472: result: no
configure:21505: checking for path.h
configure:21513: result: no
configure:21396: checking stdarg.h usability
configure:21413: cc -c -g -O2 -g -Wall -O2  conftest.c >&5
configure:21419: $? = 0
configure:21433: result: yes
configure:21437: checking stdarg.h presence
configure:21452: cc -E  conftest.c
configure:21458: $? = 0
configure:21472: result: yes
configure:21505: checking for stdarg.h
configure:21513: result: yes
configure:21386: checking for sys/types.h
configure:21392: result: yes
configure:21396: checking sys/wait.h usability
configure:21413: cc -c -g -O2 -g -Wall -O2  conftest.c >&5
configure:21419: $? = 0
configure:21433: result: yes
configure:21437: checking sys/wait.h presence
configure:21452: cc -E  conftest.c
configure:21458: $? = 0
configure:21472: result: yes
configure:21505: checking for sys/wait.h
configure:21513: result: yes
configure:21647: checking locale.h usability
configure:21664: cc -c -g -O2 -g -Wall -O2  conftest.c >&5
configure:21670: $? = 0
configure:21684: result: yes
configure:21688: checking locale.h presence
configure:21703: cc -E  conftest.c
configure:21709: $? = 0
configure:21723: result: yes
configure:21756: checking for locale.h
configure:21764: result: yes
configure:21778: checking for LC_MESSAGES
configure:21804: cc -o conftest -g -O2 -g -Wall -O2   conftest.c  >&5
configure:21810: $? = 0
configure:21827: result: yes
configure:21856: checking libintl.h usability
configure:21873: cc -c -g -O2 -g -Wall -O2  conftest.c >&5
configure:21879: $? = 0
configure:21893: result: yes
configure:21897: checking libintl.h presence
configure:21912: cc -E  conftest.c
configure:21918: $? = 0
configure:21932: result: yes
configure:21965: checking for libintl.h
configure:21972: result: yes
configure:21983: checking for ngettext in libc
configure:22011: cc -o conftest -g -O2 -g -Wall -O2   conftest.c  >&5
configure:22017: $? = 0
configure:22035: result: yes
configure:22039: checking for dgettext in libc
configure:22067: cc -o conftest -g -O2 -g -Wall -O2   conftest.c  >&5
configure:22073: $? = 0
configure:22091: result: yes
configure:22100: checking for bind_textdomain_codeset
configure:22156: cc -o conftest -g -O2 -g -Wall -O2   conftest.c  >&5
configure:22162: $? = 0
configure:22180: result: yes
configure:22667: checking for msgfmt
configure:22694: result: /usr/bin/msgfmt
configure:22707: checking for dcgettext
configure:22763: cc -o conftest -g -O2 -g -Wall -O2   conftest.c   >&5
conftest.c:53: warning: conflicting types for built-in function 'dcgettext'
configure:22769: $? = 0
configure:22787: result: yes
configure:22798: checking if msgfmt accepts -c
configure:22813: $MSGFMT -c -o /dev/null conftest.foo
configure:22816: $? = 0
configure:22818: result: yes
configure:22828: checking for gmsgfmt
configure:22859: result: /usr/bin/msgfmt
configure:22869: checking for xgettext
configure:22896: result: /usr/bin/xgettext
configure:22925: cc -o conftest -g -O2 -g -Wall -O2   conftest.c   >&5
configure:22931: $? = 0
configure:23100: checking for catalogs to be installed
configure:23125: result:  de en_GB eu fi fr hu it lv nb_NO pl pt_BR uk ur zh_TW
configure:23158: checking for bind_textdomain_codeset
configure:23237: result: yes
configure:23241: checking for locales directory
configure:23257: result: ${datarootdir}/locale
configure:23261: checking for additional xgettext flags
configure:23269: result: --keyword=Q_ --from-code=UTF-8
configure:23282: checking for pkg-config
configure:23300: found /usr/bin/pkg-config
configure:23313: result: /usr/bin/pkg-config
configure:23335: checking for pkg-config >= 0.9.0
configure:23339: result: 0.22
configure:23356: checking for dbus-glib-1 >= 0.34
configure:23360: result: 0.76
configure:23363: checking DBUS_CFLAGS
configure:23366: result: -I/usr/include/dbus-1.0 -I/usr/lib/dbus-1.0/include -I/usr/include/glib-2.0 -I/usr/lib/glib-2.0/include  
configure:23369: checking DBUS_LIBS
configure:23372: result: -ldbus-glib-1 -ldbus-1 -lgobject-2.0 -lglib-2.0  
configure:23494: checking for exo-hal-0.3 >= 0.3.1.13
configure:23498: result: 0.3.4
configure:23501: checking EXO_HAL_CFLAGS
configure:23504: result: -DDBUS_API_SUBJECT_TO_CHANGE -I/usr/include/exo-0.3 -I/usr/include/glib-2.0 -I/usr/lib/glib-2.0/include -I/usr/include/hal -I/usr/include/dbus-1.0 -I/usr/lib/dbus-1.0/include  
configure:23507: checking EXO_HAL_LIBS
configure:23510: result: -lexo-hal-0.3 -lglib-2.0 -lhal-storage -lhal -ldbus-1  
configure:23632: checking for hal >= 0.5.0
configure:23636: result: 0.5.11
configure:23639: checking HAL_CFLAGS
configure:23642: result: -DDBUS_API_SUBJECT_TO_CHANGE -I/usr/include/hal -I/usr/include/dbus-1.0 -I/usr/lib/dbus-1.0/include  
configure:23645: checking HAL_LIBS
configure:23648: result: -lhal -ldbus-1  
configure:23770: checking for thunar-vfs-1 >= 0.5.1
configure:23774: result: 0.9.0
configure:23777: checking THUNAR_VFS_CFLAGS
configure:23780: result: -pthread -D_REENTRANT -I/usr/include/thunar-vfs-1 -I/usr/include/exo-0.3 -I/usr/include/gtk-2.0 -I/usr/include/xfce4 -I/usr/lib/gtk-2.0/include -I/usr/include/atk-1.0 -I/usr/include/cairo -I/usr/include/pango-1.0 -I/usr/include/glib-2.0 -I/usr/lib/glib-2.0/include -I/usr/include/freetype2 -I/usr/include/directfb -I/usr/include/libpng12 -I/usr/include/pixman-1  
configure:23783: checking THUNAR_VFS_LIBS
configure:23786: result: -pthread -lthunar-vfs-1 -lexo-0.3 -lgthread-2.0 -lrt -lgtk-x11-2.0 -lxfce4util -lgdk-x11-2.0 -latk-1.0 -lgdk_pixbuf-2.0 -lm -lpangocairo-1.0 -lpango-1.0 -lcairo -lgobject-2.0 -lgmodule-2.0 -ldl -lglib-2.0  
configure:23833: checking whether to enable debugging support
configure:23937: result: minimum
configure:23949: checking whether /usr/bin/ld accepts -O1
configure:23954: result: yes
configure:23963: checking PLATFORM_CPPFLAGS
configure:23965: result:  -DNDEBUG -DG_DISABLE_CAST_CHECKS
configure:23968: checking PLATFORM_CFLAGS
configure:23970: result: 
configure:23973: checking PLATFORM_LDFLAGS
configure:23975: result:  -Wl,-O1
configure:24120: creating ./config.status

## ---------------------- ##
## Running config.status. ##
## ---------------------- ##

This file was extended by thunar-volman config.status 0.2.0, which was
generated by GNU Autoconf 2.61.  Invocation command line was

  CONFIG_FILES    = 
  CONFIG_HEADERS  = 
  CONFIG_LINKS    = 
  CONFIG_COMMANDS = 
  $ ./config.status 

on build

config.status:748: creating Makefile
config.status:748: creating icons/Makefile
config.status:748: creating icons/48x48/Makefile
config.status:748: creating icons/scalable/Makefile
config.status:748: creating po/Makefile.in
config.status:748: creating thunar-volman/Makefile
config.status:748: creating config.h
config.status:1032: executing depfiles commands
config.status:1032: executing intltool commands
config.status:1032: executing default-1 commands
config.status:1032: executing po/stamp-it commands

## ---------------- ##
## Cache variables. ##
## ---------------- ##

ac_cv_build=i486-pc-linux-gnu
ac_cv_c_compiler_gnu=yes
ac_cv_cxx_compiler_gnu=yes
ac_cv_env_CCC_set=
ac_cv_env_CCC_value=
ac_cv_env_CC_set=set
ac_cv_env_CC_value=cc
ac_cv_env_CFLAGS_set=set
ac_cv_env_CFLAGS_value='-g -O2 -g -Wall -O2'
ac_cv_env_CPPFLAGS_set=set
ac_cv_env_CPPFLAGS_value=
ac_cv_env_CPP_set=
ac_cv_env_CPP_value=
ac_cv_env_CXXCPP_set=
ac_cv_env_CXXCPP_value=
ac_cv_env_CXXFLAGS_set=set
ac_cv_env_CXXFLAGS_value='-g -O2 -g -Wall -O2'
ac_cv_env_CXX_set=set
ac_cv_env_CXX_value=g++
ac_cv_env_F77_set=
ac_cv_env_F77_value=
ac_cv_env_FFLAGS_set=set
ac_cv_env_FFLAGS_value='-g -O2'
ac_cv_env_LDFLAGS_set=set
ac_cv_env_LDFLAGS_value=
ac_cv_env_LIBS_set=
ac_cv_env_LIBS_value=
ac_cv_env_build_alias_set=set
ac_cv_env_build_alias_value=i486-linux-gnu
ac_cv_env_host_alias_set=
ac_cv_env_host_alias_value=
ac_cv_env_target_alias_set=
ac_cv_env_target_alias_value=
ac_cv_f77_compiler_gnu=no
ac_cv_func_bind_textdomain_codeset=yes
ac_cv_func_dcgettext=yes
ac_cv_header_dlfcn_h=yes
ac_cv_header_errno_h=yes
ac_cv_header_inttypes_h=yes
ac_cv_header_libintl_h=yes
ac_cv_header_locale_h=yes
ac_cv_header_memory_h=yes
ac_cv_header_minix_config_h=no
ac_cv_header_path_h=no
ac_cv_header_stdarg_h=yes
ac_cv_header_stdc=yes
ac_cv_header_stdint_h=yes
ac_cv_header_stdlib_h=yes
ac_cv_header_string_h=yes
ac_cv_header_strings_h=yes
ac_cv_header_sys_stat_h=yes
ac_cv_header_sys_types_h=yes
ac_cv_header_sys_wait_h=yes
ac_cv_header_unistd_h=yes
ac_cv_host=i486-pc-linux-gnu
ac_cv_objext=o
ac_cv_path_EGREP='/bin/grep -E'
ac_cv_path_GMSGFMT=/usr/bin/msgfmt
ac_cv_path_GREP=/bin/grep
ac_cv_path_INTLTOOL_ICONV=/usr/bin/iconv
ac_cv_path_INTLTOOL_MSGFMT=/usr/bin/msgfmt
ac_cv_path_INTLTOOL_MSGMERGE=/usr/bin/msgmerge
ac_cv_path_INTLTOOL_PERL=/usr/bin/perl
ac_cv_path_INTLTOOL_XGETTEXT=/usr/bin/xgettext
ac_cv_path_MSGFMT=/usr/bin/msgfmt
ac_cv_path_PKG_CONFIG=/usr/bin/pkg-config
ac_cv_path_XGETTEXT=/usr/bin/xgettext
ac_cv_path_install='/usr/bin/install -c'
ac_cv_path_mkdir=/bin/mkdir
ac_cv_prog_AWK=mawk
ac_cv_prog_CPP='cc -E'
ac_cv_prog_CXXCPP='g++ -E'
ac_cv_prog_ac_ct_AR=ar
ac_cv_prog_ac_ct_CC=cc
ac_cv_prog_ac_ct_RANLIB=ranlib
ac_cv_prog_ac_ct_STRIP=strip
ac_cv_prog_cc_c89=
ac_cv_prog_cc_cc_c_o=yes
ac_cv_prog_cc_g=yes
ac_cv_prog_cxx_g=yes
ac_cv_prog_f77_g=no
ac_cv_prog_make_make_set=yes
ac_cv_search_strerror='none required'
ac_cv_target=i486-pc-linux-gnu
am_cv_CC_dependencies_compiler_type=none
am_cv_CXX_dependencies_compiler_type=none
am_cv_prog_tar_ustar=gnutar
am_cv_val_LC_MESSAGES=yes
gt_cv_func_dgettext_libc=yes
gt_cv_func_dgettext_libintl=no
gt_cv_func_ngettext_libc=yes
gt_cv_have_gettext=yes
lt_cv_deplibs_check_method=pass_all
lt_cv_file_magic_cmd='$MAGIC_CMD'
lt_cv_file_magic_test_file=
lt_cv_ld_reload_flag=-r
lt_cv_objdir=.libs
lt_cv_path_LD=/usr/bin/ld
lt_cv_path_LDCXX=/usr/bin/ld
lt_cv_path_NM='/usr/bin/nm -B'
lt_cv_path_SED=/bin/sed
lt_cv_prog_compiler_c_o=yes
lt_cv_prog_compiler_c_o_CXX=yes
lt_cv_prog_compiler_rtti_exceptions=no
lt_cv_prog_gnu_ld=yes
lt_cv_prog_gnu_ldcxx=yes
lt_cv_sys_global_symbol_pipe='sed -n -e '\''s/^.*[ 	]\([ABCDGIRSTW][ABCDGIRSTW]*\)[ 	][ 	]*\([_A-Za-z][_A-Za-z0-9]*\)$/\1 \2 \2/p'\'''
lt_cv_sys_global_symbol_to_c_name_address='sed -n -e '\''s/^: \([^ ]*\) $/  {\"\1\", (lt_ptr) 0},/p'\'' -e '\''s/^[BCDEGRST] \([^ ]*\) \([^ ]*\)$/  {"\2", (lt_ptr) \&\2},/p'\'''
lt_cv_sys_global_symbol_to_cdecl='sed -n -e '\''s/^. .* \(.*\)$/extern int \1;/p'\'''
lt_cv_sys_max_cmd_len=98304
lt_lt_cv_prog_compiler_c_o='"yes"'
lt_lt_cv_prog_compiler_c_o_CXX='"yes"'
lt_lt_cv_sys_global_symbol_pipe='"sed -n -e '\''s/^.*[ 	]\\([ABCDGIRSTW][ABCDGIRSTW]*\\)[ 	][ 	]*\\([_A-Za-z][_A-Za-z0-9]*\\)\$/\\1 \\2 \\2/p'\''"'
lt_lt_cv_sys_global_symbol_to_c_name_address='"sed -n -e '\''s/^: \\([^ ]*\\) \$/  {\\\"\\1\\\", (lt_ptr) 0},/p'\'' -e '\''s/^[BCDEGRST] \\([^ ]*\\) \\([^ ]*\\)\$/  {\"\\2\", (lt_ptr) \\&\\2},/p'\''"'
lt_lt_cv_sys_global_symbol_to_cdecl='"sed -n -e '\''s/^. .* \\(.*\\)\$/extern int \\1;/p'\''"'
xdt_cv_PKG_CONFIG_MIN_VERSION=0.9.0
xdt_cv_PKG_CONFIG_VERSION=0.22

## ----------------- ##
## Output variables. ##
## ----------------- ##

ACLOCAL='${SHELL} /root/SOURCES/thunar-volman-0.2.0/missing --run aclocal-1.10'
ALL_LINGUAS='de en_GB eu fi fr hu it lv nb_NO pl pt_BR uk ur zh_TW'
AMDEPBACKSLASH=''
AMDEP_FALSE=''
AMDEP_TRUE='#'
AMTAR='${SHELL} /root/SOURCES/thunar-volman-0.2.0/missing --run tar'
AR='ar'
AUTOCONF='${SHELL} /root/SOURCES/thunar-volman-0.2.0/missing --run autoconf'
AUTOHEADER='${SHELL} /root/SOURCES/thunar-volman-0.2.0/missing --run autoheader'
AUTOMAKE='${SHELL} /root/SOURCES/thunar-volman-0.2.0/missing --run automake-1.10'
AWK='mawk'
CATALOGS=' de.gmo en_GB.gmo eu.gmo fi.gmo fr.gmo hu.gmo it.gmo lv.gmo nb_NO.gmo pl.gmo pt_BR.gmo uk.gmo ur.gmo zh_TW.gmo'
CATOBJEXT='.gmo'
CC='cc'
CCDEPMODE='depmode=none'
CFLAGS='-g -O2 -g -Wall -O2'
CPP='cc -E'
CPPFLAGS=''
CXX='g++'
CXXCPP='g++ -E'
CXXDEPMODE='depmode=none'
CXXFLAGS='-g -O2 -g -Wall -O2'
CYGPATH_W='echo'
DATADIRNAME='share'
DBUS_CFLAGS='-I/usr/include/dbus-1.0 -I/usr/lib/dbus-1.0/include -I/usr/include/glib-2.0 -I/usr/lib/glib-2.0/include  '
DBUS_LIBS='-ldbus-glib-1 -ldbus-1 -lgobject-2.0 -lglib-2.0  '
DBUS_REQUIRED_VERSION='0.34'
DBUS_VERSION='0.76'
DEFS='-DHAVE_CONFIG_H'
DEPDIR='.deps'
ECHO='echo'
ECHO_C=''
ECHO_N='-n'
ECHO_T=''
EGREP='/bin/grep -E'
EXEEXT=''
EXO_HAL_CFLAGS='-DDBUS_API_SUBJECT_TO_CHANGE -I/usr/include/exo-0.3 -I/usr/include/glib-2.0 -I/usr/lib/glib-2.0/include -I/usr/include/hal -I/usr/include/dbus-1.0 -I/usr/lib/dbus-1.0/include  '
EXO_HAL_LIBS='-lexo-hal-0.3 -lglib-2.0 -lhal-storage -lhal -ldbus-1  '
EXO_HAL_REQUIRED_VERSION='0.3.1.13'
EXO_HAL_VERSION='0.3.4'
F77=''
FFLAGS='-g -O2'
GETTEXT_PACKAGE='thunar-volman'
GMOFILES=' de.gmo en_GB.gmo eu.gmo fi.gmo fr.gmo hu.gmo it.gmo lv.gmo nb_NO.gmo pl.gmo pt_BR.gmo uk.gmo ur.gmo zh_TW.gmo'
GMSGFMT='/usr/bin/msgfmt'
GREP='/bin/grep'
HAL_CFLAGS='-DDBUS_API_SUBJECT_TO_CHANGE -I/usr/include/hal -I/usr/include/dbus-1.0 -I/usr/lib/dbus-1.0/include  '
HAL_LIBS='-lhal -ldbus-1  '
HAL_REQUIRED_VERSION='0.5.0'
HAL_VERSION='0.5.11'
INSTALL_DATA='${INSTALL} -m 644'
INSTALL_PROGRAM='${INSTALL}'
INSTALL_SCRIPT='${INSTALL}'
INSTALL_STRIP_PROGRAM='$(install_sh) -c -s'
INSTOBJEXT='.mo'
INTLLIBS=''
INTLTOOL_CAVES_RULE='%.caves:     %.caves.in     $(INTLTOOL_MERGE) $(wildcard $(top_srcdir)/po/*.po) ; LC_ALL=C $(INTLTOOL_MERGE) -d -u -c $(top_builddir)/po/.intltool-merge-cache $(top_srcdir)/po $< $@'
INTLTOOL_DESKTOP_RULE='%.desktop:   %.desktop.in   $(INTLTOOL_MERGE) $(wildcard $(top_srcdir)/po/*.po) ; LC_ALL=C $(INTLTOOL_MERGE) -d -u -c $(top_builddir)/po/.intltool-merge-cache $(top_srcdir)/po $< $@'
INTLTOOL_DIRECTORY_RULE='%.directory: %.directory.in $(INTLTOOL_MERGE) $(wildcard $(top_srcdir)/po/*.po) ; LC_ALL=C $(INTLTOOL_MERGE) -d -u -c $(top_builddir)/po/.intltool-merge-cache $(top_srcdir)/po $< $@'
INTLTOOL_EXTRACT='$(top_builddir)/intltool-extract'
INTLTOOL_ICONV='/usr/bin/iconv'
INTLTOOL_KBD_RULE='%.kbd:       %.kbd.in       $(INTLTOOL_MERGE) $(wildcard $(top_srcdir)/po/*.po) ; LC_ALL=C $(INTLTOOL_MERGE) -x -u -m -c $(top_builddir)/po/.intltool-merge-cache $(top_srcdir)/po $< $@'
INTLTOOL_KEYS_RULE='%.keys:      %.keys.in      $(INTLTOOL_MERGE) $(wildcard $(top_srcdir)/po/*.po) ; LC_ALL=C $(INTLTOOL_MERGE) -k -u -c $(top_builddir)/po/.intltool-merge-cache $(top_srcdir)/po $< $@'
INTLTOOL_MERGE='$(top_builddir)/intltool-merge'
INTLTOOL_MSGFMT='/usr/bin/msgfmt'
INTLTOOL_MSGMERGE='/usr/bin/msgmerge'
INTLTOOL_OAF_RULE='%.oaf:       %.oaf.in       $(INTLTOOL_MERGE) $(wildcard $(top_srcdir)/po/*.po) ; LC_ALL=C $(INTLTOOL_MERGE) -o -p $(top_srcdir)/po $< $@'
INTLTOOL_PERL='/usr/bin/perl'
INTLTOOL_PONG_RULE='%.pong:      %.pong.in      $(INTLTOOL_MERGE) $(wildcard $(top_srcdir)/po/*.po) ; LC_ALL=C $(INTLTOOL_MERGE) -x -u -c $(top_builddir)/po/.intltool-merge-cache $(top_srcdir)/po $< $@'
INTLTOOL_PROP_RULE='%.prop:      %.prop.in      $(INTLTOOL_MERGE) $(wildcard $(top_srcdir)/po/*.po) ; LC_ALL=C $(INTLTOOL_MERGE) -d -u -c $(top_builddir)/po/.intltool-merge-cache $(top_srcdir)/po $< $@'
INTLTOOL_SCHEMAS_RULE='%.schemas:   %.schemas.in   $(INTLTOOL_MERGE) $(wildcard $(top_srcdir)/po/*.po) ; LC_ALL=C $(INTLTOOL_MERGE) -s -u -c $(top_builddir)/po/.intltool-merge-cache $(top_srcdir)/po $< $@'
INTLTOOL_SERVER_RULE='%.server:    %.server.in    $(INTLTOOL_MERGE) $(wildcard $(top_srcdir)/po/*.po) ; LC_ALL=C $(INTLTOOL_MERGE) -o -u -c $(top_builddir)/po/.intltool-merge-cache $(top_srcdir)/po $< $@'
INTLTOOL_SERVICE_RULE='%.service: %.service.in   $(INTLTOOL_MERGE) $(wildcard $(top_srcdir)/po/*.po) ; LC_ALL=C $(INTLTOOL_MERGE) -d -u -c $(top_builddir)/po/.intltool-merge-cache $(top_srcdir)/po $< $@'
INTLTOOL_SHEET_RULE='%.sheet:     %.sheet.in     $(INTLTOOL_MERGE) $(wildcard $(top_srcdir)/po/*.po) ; LC_ALL=C $(INTLTOOL_MERGE) -x -u -c $(top_builddir)/po/.intltool-merge-cache $(top_srcdir)/po $< $@'
INTLTOOL_SOUNDLIST_RULE='%.soundlist: %.soundlist.in $(INTLTOOL_MERGE) $(wildcard $(top_srcdir)/po/*.po) ; LC_ALL=C $(INTLTOOL_MERGE) -d -u -c $(top_builddir)/po/.intltool-merge-cache $(top_srcdir)/po $< $@'
INTLTOOL_THEME_RULE='%.theme:     %.theme.in     $(INTLTOOL_MERGE) $(wildcard $(top_srcdir)/po/*.po) ; LC_ALL=C $(INTLTOOL_MERGE) -d -u -c $(top_builddir)/po/.intltool-merge-cache $(top_srcdir)/po $< $@'
INTLTOOL_UI_RULE='%.ui:        %.ui.in        $(INTLTOOL_MERGE) $(wildcard $(top_srcdir)/po/*.po) ; LC_ALL=C $(INTLTOOL_MERGE) -x -u -c $(top_builddir)/po/.intltool-merge-cache $(top_srcdir)/po $< $@'
INTLTOOL_UPDATE='$(top_builddir)/intltool-update'
INTLTOOL_XAM_RULE='%.xam:       %.xml.in       $(INTLTOOL_MERGE) $(wildcard $(top_srcdir)/po/*.po) ; LC_ALL=C $(INTLTOOL_MERGE) -x -u -c $(top_builddir)/po/.intltool-merge-cache $(top_srcdir)/po $< $@'
INTLTOOL_XGETTEXT='/usr/bin/xgettext'
INTLTOOL_XML_NOMERGE_RULE='%.xml:       %.xml.in       $(INTLTOOL_MERGE) ; LC_ALL=C $(INTLTOOL_MERGE) -x -u /tmp $< $@'
INTLTOOL_XML_RULE='%.xml:       %.xml.in       $(INTLTOOL_MERGE) $(wildcard $(top_srcdir)/po/*.po) ; LC_ALL=C $(INTLTOOL_MERGE) -x -u -c $(top_builddir)/po/.intltool-merge-cache $(top_srcdir)/po $< $@'
LDFLAGS=''
LIBOBJS=''
LIBS=''
LIBTOOL='$(SHELL) $(top_builddir)/libtool'
LN_S='ln -s'
LTLIBOBJS=''
MAINT='#'
MAINTAINER_MODE_FALSE=''
MAINTAINER_MODE_TRUE='#'
MAKEINFO='${SHELL} /root/SOURCES/thunar-volman-0.2.0/missing --run makeinfo'
MKINSTALLDIRS='./mkinstalldirs'
MSGFMT='/usr/bin/msgfmt'
MSGFMT_OPTS='-c'
OBJEXT='o'
PACKAGE='thunar-volman'
PACKAGE_BUGREPORT='http://bugzilla.xfce.org/'
PACKAGE_NAME='thunar-volman'
PACKAGE_STRING='thunar-volman 0.2.0'
PACKAGE_TARNAME='thunar-volman'
PACKAGE_VERSION='0.2.0'
PATH_SEPARATOR=':'
PKG_CONFIG='/usr/bin/pkg-config'
PLATFORM_CFLAGS=''
PLATFORM_CPPFLAGS=' -DNDEBUG -DG_DISABLE_CAST_CHECKS'
PLATFORM_LDFLAGS=' -Wl,-O1'
POFILES=' de.po en_GB.po eu.po fi.po fr.po hu.po it.po lv.po nb_NO.po pl.po pt_BR.po uk.po ur.po zh_TW.po'
POSUB='po'
PO_IN_DATADIR_FALSE=''
PO_IN_DATADIR_TRUE=''
RANLIB='ranlib'
SED='/bin/sed'
SET_MAKE=''
SHELL='/bin/sh'
STRIP='strip'
THUNAR_VFS_CFLAGS='-pthread -D_REENTRANT -I/usr/include/thunar-vfs-1 -I/usr/include/exo-0.3 -I/usr/include/gtk-2.0 -I/usr/include/xfce4 -I/usr/lib/gtk-2.0/include -I/usr/include/atk-1.0 -I/usr/include/cairo -I/usr/include/pango-1.0 -I/usr/include/glib-2.0 -I/usr/lib/glib-2.0/include -I/usr/include/freetype2 -I/usr/include/directfb -I/usr/include/libpng12 -I/usr/include/pixman-1  '
THUNAR_VFS_LIBS='-pthread -lthunar-vfs-1 -lexo-0.3 -lgthread-2.0 -lrt -lgtk-x11-2.0 -lxfce4util -lgdk-x11-2.0 -latk-1.0 -lgdk_pixbuf-2.0 -lm -lpangocairo-1.0 -lpango-1.0 -lcairo -lgobject-2.0 -lgmodule-2.0 -ldl -lglib-2.0  '
THUNAR_VFS_REQUIRED_VERSION='0.5.1'
THUNAR_VFS_VERSION='0.9.0'
USE_NLS='yes'
VERSION='0.2.0'
XGETTEXT='/usr/bin/xgettext'
XGETTEXT_ARGS='--keyword=Q_ --from-code=UTF-8'
ac_ct_CC='cc'
ac_ct_CXX=''
ac_ct_F77=''
am__fastdepCC_FALSE=''
am__fastdepCC_TRUE='#'
am__fastdepCXX_FALSE=''
am__fastdepCXX_TRUE='#'
am__include='include'
am__isrc=''
am__leading_dot='.'
am__quote=''
am__tar='tar --format=ustar -chf - "$$tardir"'
am__untar='tar -xf -'
bindir='${exec_prefix}/bin'
build='i486-pc-linux-gnu'
build_alias='i486-linux-gnu'
build_cpu='i486'
build_os='linux-gnu'
build_vendor='pc'
datadir='${datarootdir}'
datarootdir='${prefix}/share'
docdir='${datarootdir}/doc/${PACKAGE_TARNAME}'
dvidir='${docdir}'
exec_prefix='${prefix}'
host='i486-pc-linux-gnu'
host_alias=''
host_cpu='i486'
host_os='linux-gnu'
host_vendor='pc'
htmldir='${docdir}'
includedir='${prefix}/include'
infodir='${prefix}/share/info'
install_sh='$(SHELL) /root/SOURCES/thunar-volman-0.2.0/install-sh'
libdir='${exec_prefix}/lib'
libexecdir='${prefix}/lib/thunar-volman'
localedir='${datarootdir}/locale'
localstatedir='/var'
mandir='${prefix}/share/man'
mkdir_p='/bin/mkdir -p'
oldincludedir='/usr/include'
pdfdir='${docdir}'
prefix='/usr'
program_transform_name='s,x,x,'
psdir='${docdir}'
sbindir='${exec_prefix}/sbin'
sharedstatedir='${prefix}/com'
sysconfdir='/etc'
target='i486-pc-linux-gnu'
target_alias=''
target_cpu='i486'
target_os='linux-gnu'
target_vendor='pc'

## ----------- ##
## confdefs.h. ##
## ----------- ##

#define PACKAGE_NAME "thunar-volman"
#define PACKAGE_TARNAME "thunar-volman"
#define PACKAGE_VERSION "0.2.0"
#define PACKAGE_STRING "thunar-volman 0.2.0"
#define PACKAGE_BUGREPORT "http://bugzilla.xfce.org/"
#define PACKAGE "thunar-volman"
#define VERSION "0.2.0"
#define STDC_HEADERS 1
#define HAVE_SYS_TYPES_H 1
#define HAVE_SYS_STAT_H 1
#define HAVE_STDLIB_H 1
#define HAVE_STRING_H 1
#define HAVE_MEMORY_H 1
#define HAVE_STRINGS_H 1
#define HAVE_INTTYPES_H 1
#define HAVE_STDINT_H 1
#define HAVE_UNISTD_H 1
#define HAVE_DLFCN_H 1
#define HAVE_ERRNO_H 1
#define HAVE_STDARG_H 1
#define HAVE_SYS_TYPES_H 1
#define HAVE_SYS_WAIT_H 1
#define GETTEXT_PACKAGE "thunar-volman"
#define HAVE_LOCALE_H 1
#define HAVE_LC_MESSAGES 1
#define HAVE_BIND_TEXTDOMAIN_CODESET 1
#define HAVE_GETTEXT 1
#define HAVE_DCGETTEXT 1
#define ENABLE_NLS 1

configure: exit 0
